Started GET "/" for 127.0.0.1 at 2017-10-21 19:38:32 -0500
Processing by HelloPageController#hello as HTML
  Rendering hello_page/hello.html.erb within layouts/application
  Rendered hello_page/hello.html.erb within layouts/application (1206.6ms)
Completed 200 OK in 1373ms (Views: 1361.0ms | ActiveRecord: 0.0ms)


Started GET "/application.js" for 127.0.0.1 at 2017-10-21 19:38:34 -0500
  
ActionController::RoutingError (No route matches [GET] "/application.js"):
  
actionpack (5.0.6) lib/action_dispatch/middleware/debug_exceptions.rb:53:in `call'
web-console (3.3.1) lib/web_console/middleware.rb:131:in `call_app'
web-console (3.3.1) lib/web_console/middleware.rb:28:in `block in call'
web-console (3.3.1) lib/web_console/middleware.rb:18:in `catch'
web-console (3.3.1) lib/web_console/middleware.rb:18:in `call'
actionpack (5.0.6) lib/action_dispatch/middleware/show_exceptions.rb:31:in `call'
railties (5.0.6) lib/rails/rack/logger.rb:36:in `call_app'
railties (5.0.6) lib/rails/rack/logger.rb:24:in `block in call'
activesupport (5.0.6) lib/active_support/tagged_logging.rb:69:in `block in tagged'
activesupport (5.0.6) lib/active_support/tagged_logging.rb:26:in `tagged'
activesupport (5.0.6) lib/active_support/tagged_logging.rb:69:in `tagged'
railties (5.0.6) lib/rails/rack/logger.rb:24:in `call'
sprockets-rails (3.2.1) lib/sprockets/rails/quiet_assets.rb:13:in `call'
actionpack (5.0.6) lib/action_dispatch/middleware/request_id.rb:24:in `call'
rack (2.0.3) lib/rack/method_override.rb:22:in `call'
rack (2.0.3) lib/rack/runtime.rb:22:in `call'
activesupport (5.0.6) lib/active_support/cache/strategy/local_cache_middleware.rb:28:in `call'
actionpack (5.0.6) lib/action_dispatch/middleware/executor.rb:12:in `call'
actionpack (5.0.6) lib/action_dispatch/middleware/static.rb:136:in `call'
rack (2.0.3) lib/rack/sendfile.rb:111:in `call'
railties (5.0.6) lib/rails/engine.rb:522:in `call'
puma (3.0.0) lib/puma/configuration.rb:221:in `call'
puma (3.0.0) lib/puma/server.rb:723:in `handle_request'
puma (3.0.0) lib/puma/server.rb:406:in `process_client'
puma (3.0.0) lib/puma/server.rb:271:in `block in run'
puma (3.0.0) lib/puma/thread_pool.rb:111:in `block in spawn_thread'
  Rendering /home/shawn/.rvm/gems/ruby-2.4.2/gems/actionpack-5.0.6/lib/action_dispatch/middleware/templates/rescues/routing_error.html.erb within rescues/layout
  Rendering /home/shawn/.rvm/gems/ruby-2.4.2/gems/actionpack-5.0.6/lib/action_dispatch/middleware/templates/rescues/_trace.html.erb
  Rendered /home/shawn/.rvm/gems/ruby-2.4.2/gems/actionpack-5.0.6/lib/action_dispatch/middleware/templates/rescues/_trace.html.erb (1.8ms)
  Rendered collection of /home/shawn/.rvm/gems/ruby-2.4.2/gems/actionpack-5.0.6/lib/action_dispatch/middleware/templates/routes/_route.html.erb [2 times] (3.2ms)
  Rendered /home/shawn/.rvm/gems/ruby-2.4.2/gems/actionpack-5.0.6/lib/action_dispatch/middleware/templates/routes/_table.html.erb (20.0ms)
  Rendering /home/shawn/.rvm/gems/ruby-2.4.2/gems/actionpack-5.0.6/lib/action_dispatch/middleware/templates/rescues/_request_and_response.html.erb
  Rendered /home/shawn/.rvm/gems/ruby-2.4.2/gems/actionpack-5.0.6/lib/action_dispatch/middleware/templates/rescues/_request_and_response.html.erb (1.7ms)
  Rendered /home/shawn/.rvm/gems/ruby-2.4.2/gems/actionpack-5.0.6/lib/action_dispatch/middleware/templates/rescues/routing_error.html.erb within rescues/layout (73.7ms)
Started GET "/products/show" for 127.0.0.1 at 2017-10-21 19:45:41 -0500
  
SyntaxError (/mnt/c/Users/shawn/Dev/scanngo/app/controllers/products_controller.rb:14: dynamic constant assignment
    ACCESS_KEY_ID = "AKIAJUCJ6YE2NQVJIAAA"
                   ^
/mnt/c/Users/shawn/Dev/scanngo/app/controllers/products_controller.rb:17: dynamic constant assignment
    SECRET_KEY = "isnH2VpU4RypQSjLeSHDDe202BAi
                ^
/mnt/c/Users/shawn/Dev/scanngo/app/controllers/products_controller.rb:20: dynamic constant assignment
    ENDPOINT = "webservices.amazon.com"
              ^
/mnt/c/Users/shawn/Dev/scanngo/app/controllers/products_controller.rb:22: dynamic constant assignment
    REQUEST_URI = "/onca/xml"
                 ^):
  
app/controllers/products_controller.rb:14: dynamic constant assignment
app/controllers/products_controller.rb:17: dynamic constant assignment
app/controllers/products_controller.rb:20: dynamic constant assignment
app/controllers/products_controller.rb:22: dynamic constant assignment
  Rendering /home/shawn/.rvm/gems/ruby-2.4.2/gems/actionpack-5.0.6/lib/action_dispatch/middleware/templates/rescues/diagnostics.html.erb within rescues/layout
  Rendering /home/shawn/.rvm/gems/ruby-2.4.2/gems/actionpack-5.0.6/lib/action_dispatch/middleware/templates/rescues/_source.html.erb
  Rendered /home/shawn/.rvm/gems/ruby-2.4.2/gems/actionpack-5.0.6/lib/action_dispatch/middleware/templates/rescues/_source.html.erb (2.7ms)
  Rendering /home/shawn/.rvm/gems/ruby-2.4.2/gems/actionpack-5.0.6/lib/action_dispatch/middleware/templates/rescues/_trace.html.erb
  Rendered /home/shawn/.rvm/gems/ruby-2.4.2/gems/actionpack-5.0.6/lib/action_dispatch/middleware/templates/rescues/_trace.html.erb (1.4ms)
  Rendering /home/shawn/.rvm/gems/ruby-2.4.2/gems/actionpack-5.0.6/lib/action_dispatch/middleware/templates/rescues/_request_and_response.html.erb
  Rendered /home/shawn/.rvm/gems/ruby-2.4.2/gems/actionpack-5.0.6/lib/action_dispatch/middleware/templates/rescues/_request_and_response.html.erb (1.0ms)
  Rendered /home/shawn/.rvm/gems/ruby-2.4.2/gems/actionpack-5.0.6/lib/action_dispatch/middleware/templates/rescues/diagnostics.html.erb within rescues/layout (27.2ms)
Started GET "/products/show" for 127.0.0.1 at 2017-10-21 19:49:01 -0500
Processing by ProductsController#show as HTML
Completed 500 Internal Server Error in 7ms (ActiveRecord: 0.0ms)


  
NameError (uninitialized constant ProductsController::ENDPOINT):
  
app/controllers/products_controller.rb:44:in `show'
  Rendering /home/shawn/.rvm/gems/ruby-2.4.2/gems/actionpack-5.0.6/lib/action_dispatch/middleware/templates/rescues/diagnostics.html.erb within rescues/layout
  Rendering /home/shawn/.rvm/gems/ruby-2.4.2/gems/actionpack-5.0.6/lib/action_dispatch/middleware/templates/rescues/_source.html.erb
  Rendered /home/shawn/.rvm/gems/ruby-2.4.2/gems/actionpack-5.0.6/lib/action_dispatch/middleware/templates/rescues/_source.html.erb (4.1ms)
  Rendering /home/shawn/.rvm/gems/ruby-2.4.2/gems/actionpack-5.0.6/lib/action_dispatch/middleware/templates/rescues/_trace.html.erb
  Rendered /home/shawn/.rvm/gems/ruby-2.4.2/gems/actionpack-5.0.6/lib/action_dispatch/middleware/templates/rescues/_trace.html.erb (5.7ms)
  Rendering /home/shawn/.rvm/gems/ruby-2.4.2/gems/actionpack-5.0.6/lib/action_dispatch/middleware/templates/rescues/_request_and_response.html.erb
  Rendered /home/shawn/.rvm/gems/ruby-2.4.2/gems/actionpack-5.0.6/lib/action_dispatch/middleware/templates/rescues/_request_and_response.html.erb (0.8ms)
  Rendered /home/shawn/.rvm/gems/ruby-2.4.2/gems/actionpack-5.0.6/lib/action_dispatch/middleware/templates/rescues/diagnostics.html.erb within rescues/layout (37.9ms)
Started GET "/products/show" for 127.0.0.1 at 2017-10-21 19:49:27 -0500
  
SyntaxError (/mnt/c/Users/shawn/Dev/scanngo/app/controllers/products_controller.rb:14: dynamic constant assignment
    ACCESS_KEY_ID = "AKIAJUCJ6YE2NQVJIAAA"
                   ^
/mnt/c/Users/shawn/Dev/scanngo/app/controllers/products_controller.rb:17: dynamic constant assignment
    SECRET_KEY = "isnH2VpU4RypQSjLeSHDDe202BAi
                ^
/mnt/c/Users/shawn/Dev/scanngo/app/controllers/products_controller.rb:20: dynamic constant assignment
    ENDPOINT = "webservices.amazon.com"
              ^
/mnt/c/Users/shawn/Dev/scanngo/app/controllers/products_controller.rb:22: dynamic constant assignment
    REQUEST_URI = "/onca/xml"
                 ^):
  
app/controllers/products_controller.rb:14: dynamic constant assignment
app/controllers/products_controller.rb:17: dynamic constant assignment
app/controllers/products_controller.rb:20: dynamic constant assignment
app/controllers/products_controller.rb:22: dynamic constant assignment
  Rendering /home/shawn/.rvm/gems/ruby-2.4.2/gems/actionpack-5.0.6/lib/action_dispatch/middleware/templates/rescues/diagnostics.html.erb within rescues/layout
  Rendering /home/shawn/.rvm/gems/ruby-2.4.2/gems/actionpack-5.0.6/lib/action_dispatch/middleware/templates/rescues/_source.html.erb
  Rendered /home/shawn/.rvm/gems/ruby-2.4.2/gems/actionpack-5.0.6/lib/action_dispatch/middleware/templates/rescues/_source.html.erb (3.0ms)
  Rendering /home/shawn/.rvm/gems/ruby-2.4.2/gems/actionpack-5.0.6/lib/action_dispatch/middleware/templates/rescues/_trace.html.erb
  Rendered /home/shawn/.rvm/gems/ruby-2.4.2/gems/actionpack-5.0.6/lib/action_dispatch/middleware/templates/rescues/_trace.html.erb (2.0ms)
  Rendering /home/shawn/.rvm/gems/ruby-2.4.2/gems/actionpack-5.0.6/lib/action_dispatch/middleware/templates/rescues/_request_and_response.html.erb
  Rendered /home/shawn/.rvm/gems/ruby-2.4.2/gems/actionpack-5.0.6/lib/action_dispatch/middleware/templates/rescues/_request_and_response.html.erb (1.0ms)
  Rendered /home/shawn/.rvm/gems/ruby-2.4.2/gems/actionpack-5.0.6/lib/action_dispatch/middleware/templates/rescues/diagnostics.html.erb within rescues/layout (32.0ms)
Started GET "/products/show" for 127.0.0.1 at 2017-10-21 19:53:50 -0500
  
SyntaxError (/mnt/c/Users/shawn/Dev/scanngo/app/controllers/products_controller.rb:16: dynamic constant assignment
    ACCESS_KEY_ID = "AKIAJUCJ6YE2NQVJIAAA"
                   ^
/mnt/c/Users/shawn/Dev/scanngo/app/controllers/products_controller.rb:19: dynamic constant assignment
    SECRET_KEY = "isnH2VpU4RypQSjLeSHDDe202BAi
                ^
/mnt/c/Users/shawn/Dev/scanngo/app/controllers/products_controller.rb:22: dynamic constant assignment
    ENDPOINT = "webservices.amazon.com"
              ^
/mnt/c/Users/shawn/Dev/scanngo/app/controllers/products_controller.rb:24: dynamic constant assignment
    REQUEST_URI = "/onca/xml"
                 ^):
  
app/controllers/products_controller.rb:16: dynamic constant assignment
app/controllers/products_controller.rb:19: dynamic constant assignment
app/controllers/products_controller.rb:22: dynamic constant assignment
app/controllers/products_controller.rb:24: dynamic constant assignment
  Rendering /home/shawn/.rvm/gems/ruby-2.4.2/gems/actionpack-5.0.6/lib/action_dispatch/middleware/templates/rescues/diagnostics.html.erb within rescues/layout
  Rendering /home/shawn/.rvm/gems/ruby-2.4.2/gems/actionpack-5.0.6/lib/action_dispatch/middleware/templates/rescues/_source.html.erb
  Rendered /home/shawn/.rvm/gems/ruby-2.4.2/gems/actionpack-5.0.6/lib/action_dispatch/middleware/templates/rescues/_source.html.erb (2.8ms)
  Rendering /home/shawn/.rvm/gems/ruby-2.4.2/gems/actionpack-5.0.6/lib/action_dispatch/middleware/templates/rescues/_trace.html.erb
  Rendered /home/shawn/.rvm/gems/ruby-2.4.2/gems/actionpack-5.0.6/lib/action_dispatch/middleware/templates/rescues/_trace.html.erb (1.7ms)
  Rendering /home/shawn/.rvm/gems/ruby-2.4.2/gems/actionpack-5.0.6/lib/action_dispatch/middleware/templates/rescues/_request_and_response.html.erb
  Rendered /home/shawn/.rvm/gems/ruby-2.4.2/gems/actionpack-5.0.6/lib/action_dispatch/middleware/templates/rescues/_request_and_response.html.erb (0.9ms)
  Rendered /home/shawn/.rvm/gems/ruby-2.4.2/gems/actionpack-5.0.6/lib/action_dispatch/middleware/templates/rescues/diagnostics.html.erb within rescues/layout (32.8ms)
Started GET "/products/show" for 127.0.0.1 at 2017-10-21 19:55:09 -0500
Processing by ProductsController#show as HTML
Completed 500 Internal Server Error in 7ms (ActiveRecord: 0.0ms)


  
NameError (uninitialized constant ProductsController::ENDPOINT):
  
app/controllers/products_controller.rb:46:in `show'
  Rendering /home/shawn/.rvm/gems/ruby-2.4.2/gems/actionpack-5.0.6/lib/action_dispatch/middleware/templates/rescues/diagnostics.html.erb within rescues/layout
  Rendering /home/shawn/.rvm/gems/ruby-2.4.2/gems/actionpack-5.0.6/lib/action_dispatch/middleware/templates/rescues/_source.html.erb
  Rendered /home/shawn/.rvm/gems/ruby-2.4.2/gems/actionpack-5.0.6/lib/action_dispatch/middleware/templates/rescues/_source.html.erb (2.9ms)
  Rendering /home/shawn/.rvm/gems/ruby-2.4.2/gems/actionpack-5.0.6/lib/action_dispatch/middleware/templates/rescues/_trace.html.erb
  Rendered /home/shawn/.rvm/gems/ruby-2.4.2/gems/actionpack-5.0.6/lib/action_dispatch/middleware/templates/rescues/_trace.html.erb (1.4ms)
  Rendering /home/shawn/.rvm/gems/ruby-2.4.2/gems/actionpack-5.0.6/lib/action_dispatch/middleware/templates/rescues/_request_and_response.html.erb
  Rendered /home/shawn/.rvm/gems/ruby-2.4.2/gems/actionpack-5.0.6/lib/action_dispatch/middleware/templates/rescues/_request_and_response.html.erb (1.4ms)
  Rendered /home/shawn/.rvm/gems/ruby-2.4.2/gems/actionpack-5.0.6/lib/action_dispatch/middleware/templates/rescues/diagnostics.html.erb within rescues/layout (33.9ms)
Started GET "/products/show" for 127.0.0.1 at 2017-10-21 19:55:34 -0500
Processing by ProductsController#show as HTML
Completed 500 Internal Server Error in 2ms (ActiveRecord: 0.0ms)


  
NameError (uninitialized constant ProductsController::REQUEST_URI):
  
app/controllers/products_controller.rb:46:in `show'
  Rendering /home/shawn/.rvm/gems/ruby-2.4.2/gems/actionpack-5.0.6/lib/action_dispatch/middleware/templates/rescues/diagnostics.html.erb within rescues/layout
  Rendering /home/shawn/.rvm/gems/ruby-2.4.2/gems/actionpack-5.0.6/lib/action_dispatch/middleware/templates/rescues/_source.html.erb
  Rendered /home/shawn/.rvm/gems/ruby-2.4.2/gems/actionpack-5.0.6/lib/action_dispatch/middleware/templates/rescues/_source.html.erb (3.0ms)
  Rendering /home/shawn/.rvm/gems/ruby-2.4.2/gems/actionpack-5.0.6/lib/action_dispatch/middleware/templates/rescues/_trace.html.erb
  Rendered /home/shawn/.rvm/gems/ruby-2.4.2/gems/actionpack-5.0.6/lib/action_dispatch/middleware/templates/rescues/_trace.html.erb (1.8ms)
  Rendering /home/shawn/.rvm/gems/ruby-2.4.2/gems/actionpack-5.0.6/lib/action_dispatch/middleware/templates/rescues/_request_and_response.html.erb
  Rendered /home/shawn/.rvm/gems/ruby-2.4.2/gems/actionpack-5.0.6/lib/action_dispatch/middleware/templates/rescues/_request_and_response.html.erb (0.6ms)
  Rendered /home/shawn/.rvm/gems/ruby-2.4.2/gems/actionpack-5.0.6/lib/action_dispatch/middleware/templates/rescues/diagnostics.html.erb within rescues/layout (28.2ms)
Started GET "/products/show" for 127.0.0.1 at 2017-10-21 19:56:23 -0500
Processing by ProductsController#show as HTML
Completed 500 Internal Server Error in 2ms (ActiveRecord: 0.0ms)


  
NameError (uninitialized constant ProductsController::SECRET_KEY):
  
app/controllers/products_controller.rb:49:in `show'
  Rendering /home/shawn/.rvm/gems/ruby-2.4.2/gems/actionpack-5.0.6/lib/action_dispatch/middleware/templates/rescues/diagnostics.html.erb within rescues/layout
  Rendering /home/shawn/.rvm/gems/ruby-2.4.2/gems/actionpack-5.0.6/lib/action_dispatch/middleware/templates/rescues/_source.html.erb
  Rendered /home/shawn/.rvm/gems/ruby-2.4.2/gems/actionpack-5.0.6/lib/action_dispatch/middleware/templates/rescues/_source.html.erb (3.6ms)
  Rendering /home/shawn/.rvm/gems/ruby-2.4.2/gems/actionpack-5.0.6/lib/action_dispatch/middleware/templates/rescues/_trace.html.erb
  Rendered /home/shawn/.rvm/gems/ruby-2.4.2/gems/actionpack-5.0.6/lib/action_dispatch/middleware/templates/rescues/_trace.html.erb (1.6ms)
  Rendering /home/shawn/.rvm/gems/ruby-2.4.2/gems/actionpack-5.0.6/lib/action_dispatch/middleware/templates/rescues/_request_and_response.html.erb
  Rendered /home/shawn/.rvm/gems/ruby-2.4.2/gems/actionpack-5.0.6/lib/action_dispatch/middleware/templates/rescues/_request_and_response.html.erb (0.6ms)
  Rendered /home/shawn/.rvm/gems/ruby-2.4.2/gems/actionpack-5.0.6/lib/action_dispatch/middleware/templates/rescues/diagnostics.html.erb within rescues/layout (32.5ms)
Started GET "/products/show" for 127.0.0.1 at 2017-10-21 19:57:47 -0500
Processing by ProductsController#show as HTML
  Rendering products/show.html.erb within layouts/application
  Rendered products/show.html.erb within layouts/application (0.4ms)
Completed 200 OK in 343ms (Views: 338.9ms | ActiveRecord: 0.0ms)


Started GET "/products/show" for 127.0.0.1 at 2017-10-21 19:59:02 -0500
Processing by ProductsController#show as HTML
Completed 500 Internal Server Error in 70ms (ActiveRecord: 0.0ms)


  
NameError (undefined local variable or method `request_url' for #<ProductsController:0x00007f55b2377f58>
Did you mean?  @request_url
               @request_uri):
  
app/controllers/products_controller.rb:54:in `show'
  Rendering /home/shawn/.rvm/gems/ruby-2.4.2/gems/actionpack-5.0.6/lib/action_dispatch/middleware/templates/rescues/diagnostics.html.erb within rescues/layout
  Rendering /home/shawn/.rvm/gems/ruby-2.4.2/gems/actionpack-5.0.6/lib/action_dispatch/middleware/templates/rescues/_source.html.erb
  Rendered /home/shawn/.rvm/gems/ruby-2.4.2/gems/actionpack-5.0.6/lib/action_dispatch/middleware/templates/rescues/_source.html.erb (3.7ms)
  Rendering /home/shawn/.rvm/gems/ruby-2.4.2/gems/actionpack-5.0.6/lib/action_dispatch/middleware/templates/rescues/_trace.html.erb
  Rendered /home/shawn/.rvm/gems/ruby-2.4.2/gems/actionpack-5.0.6/lib/action_dispatch/middleware/templates/rescues/_trace.html.erb (1.7ms)
  Rendering /home/shawn/.rvm/gems/ruby-2.4.2/gems/actionpack-5.0.6/lib/action_dispatch/middleware/templates/rescues/_request_and_response.html.erb
  Rendered /home/shawn/.rvm/gems/ruby-2.4.2/gems/actionpack-5.0.6/lib/action_dispatch/middleware/templates/rescues/_request_and_response.html.erb (0.7ms)
  Rendered /home/shawn/.rvm/gems/ruby-2.4.2/gems/actionpack-5.0.6/lib/action_dispatch/middleware/templates/rescues/diagnostics.html.erb within rescues/layout (55.0ms)
Started GET "/products/show" for 127.0.0.1 at 2017-10-21 19:59:16 -0500
Processing by ProductsController#show as HTML
  Rendering products/show.html.erb within layouts/application
  Rendered products/show.html.erb within layouts/application (0.5ms)
Completed 200 OK in 44ms (Views: 42.1ms | ActiveRecord: 0.0ms)


Started GET "/products/show" for 127.0.0.1 at 2017-10-21 20:02:01 -0500
Processing by ProductsController#show as HTML
Completed 500 Internal Server Error in 67ms (ActiveRecord: 0.0ms)


  
NameError (undefined local variable or method `url' for #<ProductsController:0x00007f55b270f350>
Did you mean?  URI):
  
app/controllers/products_controller.rb:56:in `show'
  Rendering /home/shawn/.rvm/gems/ruby-2.4.2/gems/actionpack-5.0.6/lib/action_dispatch/middleware/templates/rescues/diagnostics.html.erb within rescues/layout
  Rendering /home/shawn/.rvm/gems/ruby-2.4.2/gems/actionpack-5.0.6/lib/action_dispatch/middleware/templates/rescues/_source.html.erb
  Rendered /home/shawn/.rvm/gems/ruby-2.4.2/gems/actionpack-5.0.6/lib/action_dispatch/middleware/templates/rescues/_source.html.erb (2.8ms)
  Rendering /home/shawn/.rvm/gems/ruby-2.4.2/gems/actionpack-5.0.6/lib/action_dispatch/middleware/templates/rescues/_trace.html.erb
  Rendered /home/shawn/.rvm/gems/ruby-2.4.2/gems/actionpack-5.0.6/lib/action_dispatch/middleware/templates/rescues/_trace.html.erb (1.7ms)
  Rendering /home/shawn/.rvm/gems/ruby-2.4.2/gems/actionpack-5.0.6/lib/action_dispatch/middleware/templates/rescues/_request_and_response.html.erb
  Rendered /home/shawn/.rvm/gems/ruby-2.4.2/gems/actionpack-5.0.6/lib/action_dispatch/middleware/templates/rescues/_request_and_response.html.erb (0.7ms)
  Rendered /home/shawn/.rvm/gems/ruby-2.4.2/gems/actionpack-5.0.6/lib/action_dispatch/middleware/templates/rescues/diagnostics.html.erb within rescues/layout (58.5ms)
Started GET "/products/show" for 127.0.0.1 at 2017-10-21 20:02:14 -0500
Processing by ProductsController#show as HTML
Completed 500 Internal Server Error in 168ms (ActiveRecord: 0.0ms)


  
OpenURI::HTTPError (403 Forbidden):
  
app/controllers/products_controller.rb:56:in `show'
  Rendering /home/shawn/.rvm/gems/ruby-2.4.2/gems/actionpack-5.0.6/lib/action_dispatch/middleware/templates/rescues/diagnostics.html.erb within rescues/layout
  Rendering /home/shawn/.rvm/gems/ruby-2.4.2/gems/actionpack-5.0.6/lib/action_dispatch/middleware/templates/rescues/_source.html.erb
  Rendered /home/shawn/.rvm/gems/ruby-2.4.2/gems/actionpack-5.0.6/lib/action_dispatch/middleware/templates/rescues/_source.html.erb (3.3ms)
  Rendering /home/shawn/.rvm/gems/ruby-2.4.2/gems/actionpack-5.0.6/lib/action_dispatch/middleware/templates/rescues/_trace.html.erb
  Rendered /home/shawn/.rvm/gems/ruby-2.4.2/gems/actionpack-5.0.6/lib/action_dispatch/middleware/templates/rescues/_trace.html.erb (1.6ms)
  Rendering /home/shawn/.rvm/gems/ruby-2.4.2/gems/actionpack-5.0.6/lib/action_dispatch/middleware/templates/rescues/_request_and_response.html.erb
  Rendered /home/shawn/.rvm/gems/ruby-2.4.2/gems/actionpack-5.0.6/lib/action_dispatch/middleware/templates/rescues/_request_and_response.html.erb (0.8ms)
  Rendered /home/shawn/.rvm/gems/ruby-2.4.2/gems/actionpack-5.0.6/lib/action_dispatch/middleware/templates/rescues/diagnostics.html.erb within rescues/layout (31.0ms)
Started GET "/products/show" for 127.0.0.1 at 2017-10-21 20:02:27 -0500
Processing by ProductsController#show as HTML
Completed 500 Internal Server Error in 110ms (ActiveRecord: 0.0ms)


  
OpenURI::HTTPError (403 Forbidden):
  
app/controllers/products_controller.rb:56:in `show'
  Rendering /home/shawn/.rvm/gems/ruby-2.4.2/gems/actionpack-5.0.6/lib/action_dispatch/middleware/templates/rescues/diagnostics.html.erb within rescues/layout
  Rendering /home/shawn/.rvm/gems/ruby-2.4.2/gems/actionpack-5.0.6/lib/action_dispatch/middleware/templates/rescues/_source.html.erb
  Rendered /home/shawn/.rvm/gems/ruby-2.4.2/gems/actionpack-5.0.6/lib/action_dispatch/middleware/templates/rescues/_source.html.erb (4.2ms)
  Rendering /home/shawn/.rvm/gems/ruby-2.4.2/gems/actionpack-5.0.6/lib/action_dispatch/middleware/templates/rescues/_trace.html.erb
  Rendered /home/shawn/.rvm/gems/ruby-2.4.2/gems/actionpack-5.0.6/lib/action_dispatch/middleware/templates/rescues/_trace.html.erb (1.3ms)
  Rendering /home/shawn/.rvm/gems/ruby-2.4.2/gems/actionpack-5.0.6/lib/action_dispatch/middleware/templates/rescues/_request_and_response.html.erb
  Rendered /home/shawn/.rvm/gems/ruby-2.4.2/gems/actionpack-5.0.6/lib/action_dispatch/middleware/templates/rescues/_request_and_response.html.erb (0.6ms)
  Rendered /home/shawn/.rvm/gems/ruby-2.4.2/gems/actionpack-5.0.6/lib/action_dispatch/middleware/templates/rescues/diagnostics.html.erb within rescues/layout (33.8ms)
Started GET "/products/show" for 127.0.0.1 at 2017-10-21 20:03:50 -0500
Processing by ProductsController#show as HTML
Completed 500 Internal Server Error in 142ms (ActiveRecord: 0.0ms)


  
OpenURI::HTTPError (403 Forbidden):
  
app/controllers/products_controller.rb:56:in `show'
  Rendering /home/shawn/.rvm/gems/ruby-2.4.2/gems/actionpack-5.0.6/lib/action_dispatch/middleware/templates/rescues/diagnostics.html.erb within rescues/layout
  Rendering /home/shawn/.rvm/gems/ruby-2.4.2/gems/actionpack-5.0.6/lib/action_dispatch/middleware/templates/rescues/_source.html.erb
  Rendered /home/shawn/.rvm/gems/ruby-2.4.2/gems/actionpack-5.0.6/lib/action_dispatch/middleware/templates/rescues/_source.html.erb (3.4ms)
  Rendering /home/shawn/.rvm/gems/ruby-2.4.2/gems/actionpack-5.0.6/lib/action_dispatch/middleware/templates/rescues/_trace.html.erb
  Rendered /home/shawn/.rvm/gems/ruby-2.4.2/gems/actionpack-5.0.6/lib/action_dispatch/middleware/templates/rescues/_trace.html.erb (1.4ms)
  Rendering /home/shawn/.rvm/gems/ruby-2.4.2/gems/actionpack-5.0.6/lib/action_dispatch/middleware/templates/rescues/_request_and_response.html.erb
  Rendered /home/shawn/.rvm/gems/ruby-2.4.2/gems/actionpack-5.0.6/lib/action_dispatch/middleware/templates/rescues/_request_and_response.html.erb (0.7ms)
  Rendered /home/shawn/.rvm/gems/ruby-2.4.2/gems/actionpack-5.0.6/lib/action_dispatch/middleware/templates/rescues/diagnostics.html.erb within rescues/layout (33.9ms)
Started GET "/products/show" for 127.0.0.1 at 2017-10-21 20:03:57 -0500
Processing by ProductsController#show as HTML
  Rendering products/show.html.erb within layouts/application
  Rendered products/show.html.erb within layouts/application (0.7ms)
Completed 200 OK in 45ms (Views: 42.5ms | ActiveRecord: 0.0ms)


Started GET "/products/show" for 127.0.0.1 at 2017-10-21 20:04:07 -0500
Processing by ProductsController#show as HTML
  Rendering products/show.html.erb within layouts/application
  Rendered products/show.html.erb within layouts/application (0.4ms)
Completed 200 OK in 39ms (Views: 36.6ms | ActiveRecord: 0.0ms)


Started GET "/products/show" for 127.0.0.1 at 2017-10-21 20:12:21 -0500
  
LoadError (cannot load such file -- amazon/ecs):
  
app/controllers/products_controller.rb:2:in `<class:ProductsController>'
app/controllers/products_controller.rb:1:in `<top (required)>'
  Rendering /home/shawn/.rvm/gems/ruby-2.4.2/gems/actionpack-5.0.6/lib/action_dispatch/middleware/templates/rescues/diagnostics.html.erb within rescues/layout
  Rendering /home/shawn/.rvm/gems/ruby-2.4.2/gems/actionpack-5.0.6/lib/action_dispatch/middleware/templates/rescues/_source.html.erb
  Rendered /home/shawn/.rvm/gems/ruby-2.4.2/gems/actionpack-5.0.6/lib/action_dispatch/middleware/templates/rescues/_source.html.erb (3.5ms)
  Rendering /home/shawn/.rvm/gems/ruby-2.4.2/gems/actionpack-5.0.6/lib/action_dispatch/middleware/templates/rescues/_trace.html.erb
  Rendered /home/shawn/.rvm/gems/ruby-2.4.2/gems/actionpack-5.0.6/lib/action_dispatch/middleware/templates/rescues/_trace.html.erb (1.4ms)
  Rendering /home/shawn/.rvm/gems/ruby-2.4.2/gems/actionpack-5.0.6/lib/action_dispatch/middleware/templates/rescues/_request_and_response.html.erb
  Rendered /home/shawn/.rvm/gems/ruby-2.4.2/gems/actionpack-5.0.6/lib/action_dispatch/middleware/templates/rescues/_request_and_response.html.erb (0.9ms)
  Rendered /home/shawn/.rvm/gems/ruby-2.4.2/gems/actionpack-5.0.6/lib/action_dispatch/middleware/templates/rescues/diagnostics.html.erb within rescues/layout (31.6ms)
Started GET "/products/show" for 127.0.0.1 at 2017-10-21 20:12:42 -0500
Processing by ProductsController#show as HTML
Completed 500 Internal Server Error in 122ms (ActiveRecord: 0.0ms)


  
Amazon::RequestError (HTTP Response: 403 Forbidden - The AWS Access Key Id you provided does not exist in our records.):
  
app/controllers/products_controller.rb:15:in `show'
  Rendering /home/shawn/.rvm/gems/ruby-2.4.2/gems/actionpack-5.0.6/lib/action_dispatch/middleware/templates/rescues/diagnostics.html.erb within rescues/layout
  Rendering /home/shawn/.rvm/gems/ruby-2.4.2/gems/actionpack-5.0.6/lib/action_dispatch/middleware/templates/rescues/_source.html.erb
  Rendered /home/shawn/.rvm/gems/ruby-2.4.2/gems/actionpack-5.0.6/lib/action_dispatch/middleware/templates/rescues/_source.html.erb (2.8ms)
  Rendering /home/shawn/.rvm/gems/ruby-2.4.2/gems/actionpack-5.0.6/lib/action_dispatch/middleware/templates/rescues/_trace.html.erb
  Rendered /home/shawn/.rvm/gems/ruby-2.4.2/gems/actionpack-5.0.6/lib/action_dispatch/middleware/templates/rescues/_trace.html.erb (1.7ms)
  Rendering /home/shawn/.rvm/gems/ruby-2.4.2/gems/actionpack-5.0.6/lib/action_dispatch/middleware/templates/rescues/_request_and_response.html.erb
  Rendered /home/shawn/.rvm/gems/ruby-2.4.2/gems/actionpack-5.0.6/lib/action_dispatch/middleware/templates/rescues/_request_and_response.html.erb (0.6ms)
  Rendered /home/shawn/.rvm/gems/ruby-2.4.2/gems/actionpack-5.0.6/lib/action_dispatch/middleware/templates/rescues/diagnostics.html.erb within rescues/layout (35.5ms)
Started GET "/products/show" for 127.0.0.1 at 2017-10-21 20:14:43 -0500
Processing by ProductsController#show as HTML
Completed 500 Internal Server Error in 341ms (ActiveRecord: 0.0ms)


  
Amazon::RequestError (HTTP Response: 403 Forbidden - The AWS Access Key Id you provided does not exist in our records.):
  
app/controllers/products_controller.rb:15:in `show'
  Rendering /home/shawn/.rvm/gems/ruby-2.4.2/gems/actionpack-5.0.6/lib/action_dispatch/middleware/templates/rescues/diagnostics.html.erb within rescues/layout
  Rendering /home/shawn/.rvm/gems/ruby-2.4.2/gems/actionpack-5.0.6/lib/action_dispatch/middleware/templates/rescues/_source.html.erb
  Rendered /home/shawn/.rvm/gems/ruby-2.4.2/gems/actionpack-5.0.6/lib/action_dispatch/middleware/templates/rescues/_source.html.erb (2.8ms)
  Rendering /home/shawn/.rvm/gems/ruby-2.4.2/gems/actionpack-5.0.6/lib/action_dispatch/middleware/templates/rescues/_trace.html.erb
  Rendered /home/shawn/.rvm/gems/ruby-2.4.2/gems/actionpack-5.0.6/lib/action_dispatch/middleware/templates/rescues/_trace.html.erb (1.4ms)
  Rendering /home/shawn/.rvm/gems/ruby-2.4.2/gems/actionpack-5.0.6/lib/action_dispatch/middleware/templates/rescues/_request_and_response.html.erb
  Rendered /home/shawn/.rvm/gems/ruby-2.4.2/gems/actionpack-5.0.6/lib/action_dispatch/middleware/templates/rescues/_request_and_response.html.erb (0.6ms)
  Rendered /home/shawn/.rvm/gems/ruby-2.4.2/gems/actionpack-5.0.6/lib/action_dispatch/middleware/templates/rescues/diagnostics.html.erb within rescues/layout (27.7ms)
Started GET "/products/show" for 127.0.0.1 at 2017-10-21 20:15:11 -0500
Processing by ProductsController#show as HTML
Completed 500 Internal Server Error in 311ms (ActiveRecord: 0.0ms)


  
Amazon::RequestError (HTTP Response: 400 Bad Request - Your AKIAJUCJ6YE2NQVJIAAA is not registered as an Amazon Associate. Please register as an associate at https://affiliate-program.amazon.co.uk/assoc_credentials/home.):
  
app/controllers/products_controller.rb:15:in `show'
  Rendering /home/shawn/.rvm/gems/ruby-2.4.2/gems/actionpack-5.0.6/lib/action_dispatch/middleware/templates/rescues/diagnostics.html.erb within rescues/layout
  Rendering /home/shawn/.rvm/gems/ruby-2.4.2/gems/actionpack-5.0.6/lib/action_dispatch/middleware/templates/rescues/_source.html.erb
  Rendered /home/shawn/.rvm/gems/ruby-2.4.2/gems/actionpack-5.0.6/lib/action_dispatch/middleware/templates/rescues/_source.html.erb (3.5ms)
  Rendering /home/shawn/.rvm/gems/ruby-2.4.2/gems/actionpack-5.0.6/lib/action_dispatch/middleware/templates/rescues/_trace.html.erb
  Rendered /home/shawn/.rvm/gems/ruby-2.4.2/gems/actionpack-5.0.6/lib/action_dispatch/middleware/templates/rescues/_trace.html.erb (2.7ms)
  Rendering /home/shawn/.rvm/gems/ruby-2.4.2/gems/actionpack-5.0.6/lib/action_dispatch/middleware/templates/rescues/_request_and_response.html.erb
  Rendered /home/shawn/.rvm/gems/ruby-2.4.2/gems/actionpack-5.0.6/lib/action_dispatch/middleware/templates/rescues/_request_and_response.html.erb (0.7ms)
  Rendered /home/shawn/.rvm/gems/ruby-2.4.2/gems/actionpack-5.0.6/lib/action_dispatch/middleware/templates/rescues/diagnostics.html.erb within rescues/layout (28.7ms)
Started GET "/products/show" for 127.0.0.1 at 2017-10-21 20:15:20 -0500
Processing by ProductsController#show as HTML
  Rendering products/show.html.erb within layouts/application
  Rendered products/show.html.erb within layouts/application (0.8ms)
Completed 200 OK in 1026ms (Views: 390.8ms | ActiveRecord: 0.0ms)


Started GET "/products/show" for 127.0.0.1 at 2017-10-21 20:16:18 -0500
Processing by ProductsController#show as HTML
  Rendering products/show.html.erb within layouts/application
  Rendered products/show.html.erb within layouts/application (0.7ms)
Completed 200 OK in 313ms (Views: 40.0ms | ActiveRecord: 0.0ms)


Started GET "/products/show" for 127.0.0.1 at 2017-10-21 20:18:00 -0500
Processing by ProductsController#show as HTML
  Rendering products/show.html.erb within layouts/application
  Rendered products/show.html.erb within layouts/application (0.6ms)
Completed 200 OK in 228ms (Views: 62.1ms | ActiveRecord: 0.0ms)


Started GET "/products/show" for 127.0.0.1 at 2017-10-21 20:18:37 -0500
Processing by ProductsController#show as HTML
  Rendering products/show.html.erb within layouts/application
  Rendered products/show.html.erb within layouts/application (0.5ms)
Completed 200 OK in 157ms (Views: 49.8ms | ActiveRecord: 0.0ms)


Started GET "/products/show" for 127.0.0.1 at 2017-10-21 20:19:57 -0500
Processing by ProductsController#show as HTML
  Rendering products/show.html.erb within layouts/application
  Rendered products/show.html.erb within layouts/application (0.4ms)
Completed 200 OK in 198ms (Views: 42.0ms | ActiveRecord: 0.0ms)


Started GET "/products/show" for 127.0.0.1 at 2017-10-21 20:20:14 -0500
Processing by ProductsController#show as HTML
  Rendering products/show.html.erb within layouts/application
  Rendered products/show.html.erb within layouts/application (0.6ms)
Completed 200 OK in 148ms (Views: 40.1ms | ActiveRecord: 0.0ms)


Started GET "/products/show" for 127.0.0.1 at 2017-10-21 20:20:32 -0500
Processing by ProductsController#show as HTML
  Rendering products/show.html.erb within layouts/application
  Rendered products/show.html.erb within layouts/application (0.7ms)
Completed 200 OK in 139ms (Views: 39.8ms | ActiveRecord: 0.0ms)


Started GET "/products/show" for 127.0.0.1 at 2017-10-21 20:22:27 -0500
  
LoadError (cannot load such file -- crack):
  
app/controllers/products_controller.rb:3:in `<class:ProductsController>'
app/controllers/products_controller.rb:1:in `<top (required)>'
  Rendering /home/shawn/.rvm/gems/ruby-2.4.2/gems/actionpack-5.0.6/lib/action_dispatch/middleware/templates/rescues/diagnostics.html.erb within rescues/layout
  Rendering /home/shawn/.rvm/gems/ruby-2.4.2/gems/actionpack-5.0.6/lib/action_dispatch/middleware/templates/rescues/_source.html.erb
  Rendered /home/shawn/.rvm/gems/ruby-2.4.2/gems/actionpack-5.0.6/lib/action_dispatch/middleware/templates/rescues/_source.html.erb (3.2ms)
  Rendering /home/shawn/.rvm/gems/ruby-2.4.2/gems/actionpack-5.0.6/lib/action_dispatch/middleware/templates/rescues/_trace.html.erb
  Rendered /home/shawn/.rvm/gems/ruby-2.4.2/gems/actionpack-5.0.6/lib/action_dispatch/middleware/templates/rescues/_trace.html.erb (2.8ms)
  Rendering /home/shawn/.rvm/gems/ruby-2.4.2/gems/actionpack-5.0.6/lib/action_dispatch/middleware/templates/rescues/_request_and_response.html.erb
  Rendered /home/shawn/.rvm/gems/ruby-2.4.2/gems/actionpack-5.0.6/lib/action_dispatch/middleware/templates/rescues/_request_and_response.html.erb (2.0ms)
  Rendered /home/shawn/.rvm/gems/ruby-2.4.2/gems/actionpack-5.0.6/lib/action_dispatch/middleware/templates/rescues/diagnostics.html.erb within rescues/layout (49.3ms)
Started GET "/products/show" for 127.0.0.1 at 2017-10-21 20:23:15 -0500
  
LoadError (cannot load such file -- crack):
  
app/controllers/products_controller.rb:3:in `<class:ProductsController>'
app/controllers/products_controller.rb:1:in `<top (required)>'
  Rendering /home/shawn/.rvm/gems/ruby-2.4.2/gems/actionpack-5.0.6/lib/action_dispatch/middleware/templates/rescues/diagnostics.html.erb within rescues/layout
  Rendering /home/shawn/.rvm/gems/ruby-2.4.2/gems/actionpack-5.0.6/lib/action_dispatch/middleware/templates/rescues/_source.html.erb
  Rendered /home/shawn/.rvm/gems/ruby-2.4.2/gems/actionpack-5.0.6/lib/action_dispatch/middleware/templates/rescues/_source.html.erb (3.2ms)
  Rendering /home/shawn/.rvm/gems/ruby-2.4.2/gems/actionpack-5.0.6/lib/action_dispatch/middleware/templates/rescues/_trace.html.erb
  Rendered /home/shawn/.rvm/gems/ruby-2.4.2/gems/actionpack-5.0.6/lib/action_dispatch/middleware/templates/rescues/_trace.html.erb (1.5ms)
  Rendering /home/shawn/.rvm/gems/ruby-2.4.2/gems/actionpack-5.0.6/lib/action_dispatch/middleware/templates/rescues/_request_and_response.html.erb
  Rendered /home/shawn/.rvm/gems/ruby-2.4.2/gems/actionpack-5.0.6/lib/action_dispatch/middleware/templates/rescues/_request_and_response.html.erb (0.9ms)
  Rendered /home/shawn/.rvm/gems/ruby-2.4.2/gems/actionpack-5.0.6/lib/action_dispatch/middleware/templates/rescues/diagnostics.html.erb within rescues/layout (36.0ms)
Started GET "/products/show" for 127.0.0.1 at 2017-10-21 20:23:33 -0500
Processing by ProductsController#show as HTML
Completed 500 Internal Server Error in 136ms (ActiveRecord: 0.0ms)


  
NameError (uninitialized constant ProductsController::Crack):
  
app/controllers/products_controller.rb:17:in `show'
  Rendering /home/shawn/.rvm/gems/ruby-2.4.2/gems/actionpack-5.0.6/lib/action_dispatch/middleware/templates/rescues/diagnostics.html.erb within rescues/layout
  Rendering /home/shawn/.rvm/gems/ruby-2.4.2/gems/actionpack-5.0.6/lib/action_dispatch/middleware/templates/rescues/_source.html.erb
  Rendered /home/shawn/.rvm/gems/ruby-2.4.2/gems/actionpack-5.0.6/lib/action_dispatch/middleware/templates/rescues/_source.html.erb (2.9ms)
  Rendering /home/shawn/.rvm/gems/ruby-2.4.2/gems/actionpack-5.0.6/lib/action_dispatch/middleware/templates/rescues/_trace.html.erb
  Rendered /home/shawn/.rvm/gems/ruby-2.4.2/gems/actionpack-5.0.6/lib/action_dispatch/middleware/templates/rescues/_trace.html.erb (2.1ms)
  Rendering /home/shawn/.rvm/gems/ruby-2.4.2/gems/actionpack-5.0.6/lib/action_dispatch/middleware/templates/rescues/_request_and_response.html.erb
  Rendered /home/shawn/.rvm/gems/ruby-2.4.2/gems/actionpack-5.0.6/lib/action_dispatch/middleware/templates/rescues/_request_and_response.html.erb (0.7ms)
  Rendered /home/shawn/.rvm/gems/ruby-2.4.2/gems/actionpack-5.0.6/lib/action_dispatch/middleware/templates/rescues/diagnostics.html.erb within rescues/layout (32.2ms)
Started GET "/products/show" for 127.0.0.1 at 2017-10-21 20:24:15 -0500
Processing by ProductsController#show as HTML
Completed 500 Internal Server Error in 94ms (ActiveRecord: 0.0ms)


  
Amazon::RequestError (HTTP Response: 503 Service Unavailable - AWS Access Key ID: AKIAJUCJ6YE2NQVJIAAA. You are submitting requests too quickly. Please retry your requests at a slower rate.):
  
app/controllers/products_controller.rb:16:in `show'
  Rendering /home/shawn/.rvm/gems/ruby-2.4.2/gems/actionpack-5.0.6/lib/action_dispatch/middleware/templates/rescues/diagnostics.html.erb within rescues/layout
  Rendering /home/shawn/.rvm/gems/ruby-2.4.2/gems/actionpack-5.0.6/lib/action_dispatch/middleware/templates/rescues/_source.html.erb
  Rendered /home/shawn/.rvm/gems/ruby-2.4.2/gems/actionpack-5.0.6/lib/action_dispatch/middleware/templates/rescues/_source.html.erb (2.9ms)
  Rendering /home/shawn/.rvm/gems/ruby-2.4.2/gems/actionpack-5.0.6/lib/action_dispatch/middleware/templates/rescues/_trace.html.erb
  Rendered /home/shawn/.rvm/gems/ruby-2.4.2/gems/actionpack-5.0.6/lib/action_dispatch/middleware/templates/rescues/_trace.html.erb (1.4ms)
  Rendering /home/shawn/.rvm/gems/ruby-2.4.2/gems/actionpack-5.0.6/lib/action_dispatch/middleware/templates/rescues/_request_and_response.html.erb
  Rendered /home/shawn/.rvm/gems/ruby-2.4.2/gems/actionpack-5.0.6/lib/action_dispatch/middleware/templates/rescues/_request_and_response.html.erb (0.7ms)
  Rendered /home/shawn/.rvm/gems/ruby-2.4.2/gems/actionpack-5.0.6/lib/action_dispatch/middleware/templates/rescues/diagnostics.html.erb within rescues/layout (36.4ms)
Started GET "/products/show" for 127.0.0.1 at 2017-10-21 20:24:38 -0500
Processing by ProductsController#show as HTML
Completed 500 Internal Server Error in 136ms (ActiveRecord: 0.0ms)


  
RuntimeError (Amazon::Element is not a valid input stream.  It must walk 
like either a String, an IO, or a Source.):
  
app/controllers/products_controller.rb:17:in `show'
  Rendering /home/shawn/.rvm/gems/ruby-2.4.2/gems/actionpack-5.0.6/lib/action_dispatch/middleware/templates/rescues/diagnostics.html.erb within rescues/layout
  Rendering /home/shawn/.rvm/gems/ruby-2.4.2/gems/actionpack-5.0.6/lib/action_dispatch/middleware/templates/rescues/_source.html.erb
  Rendered /home/shawn/.rvm/gems/ruby-2.4.2/gems/actionpack-5.0.6/lib/action_dispatch/middleware/templates/rescues/_source.html.erb (4.1ms)
  Rendering /home/shawn/.rvm/gems/ruby-2.4.2/gems/actionpack-5.0.6/lib/action_dispatch/middleware/templates/rescues/_trace.html.erb
  Rendered /home/shawn/.rvm/gems/ruby-2.4.2/gems/actionpack-5.0.6/lib/action_dispatch/middleware/templates/rescues/_trace.html.erb (1.4ms)
  Rendering /home/shawn/.rvm/gems/ruby-2.4.2/gems/actionpack-5.0.6/lib/action_dispatch/middleware/templates/rescues/_request_and_response.html.erb
  Rendered /home/shawn/.rvm/gems/ruby-2.4.2/gems/actionpack-5.0.6/lib/action_dispatch/middleware/templates/rescues/_request_and_response.html.erb (0.6ms)
  Rendered /home/shawn/.rvm/gems/ruby-2.4.2/gems/actionpack-5.0.6/lib/action_dispatch/middleware/templates/rescues/diagnostics.html.erb within rescues/layout (31.2ms)
Started GET "/products/show" for 127.0.0.1 at 2017-10-21 20:26:23 -0500
Processing by ProductsController#show as HTML
  Rendering products/show.html.erb within layouts/application
  Rendered products/show.html.erb within layouts/application (0.4ms)
Completed 200 OK in 391ms (Views: 241.8ms | ActiveRecord: 0.0ms)


Started GET "/products/show" for 127.0.0.1 at 2017-10-21 20:26:58 -0500
Processing by ProductsController#show as HTML
  Rendering products/show.html.erb within layouts/application
  Rendered products/show.html.erb within layouts/application (0.7ms)
Completed 200 OK in 176ms (Views: 51.0ms | ActiveRecord: 0.0ms)


Started GET "/products/show" for 127.0.0.1 at 2017-10-21 20:28:11 -0500
Processing by ProductsController#show as HTML
  Rendering products/show.html.erb within layouts/application
  Rendered products/show.html.erb within layouts/application (0.5ms)
Completed 200 OK in 190ms (Views: 43.2ms | ActiveRecord: 0.0ms)


Started GET "/products/show" for 127.0.0.1 at 2017-10-21 20:32:05 -0500
Processing by ProductsController#show as HTML
  Rendering products/show.html.erb within layouts/application
  Rendered products/show.html.erb within layouts/application (0.4ms)
Completed 200 OK in 177ms (Views: 41.5ms | ActiveRecord: 0.0ms)


Started GET "/products/show" for 127.0.0.1 at 2017-10-21 20:32:36 -0500
Processing by ProductsController#show as HTML
  Rendering products/show.html.erb within layouts/application
  Rendered products/show.html.erb within layouts/application (2.0ms)
Completed 200 OK in 196ms (Views: 57.3ms | ActiveRecord: 0.0ms)


Started GET "/products/show" for 127.0.0.1 at 2017-10-21 20:33:08 -0500
Processing by ProductsController#show as HTML
  Rendering products/show.html.erb within layouts/application
  Rendered products/show.html.erb within layouts/application (0.5ms)
Completed 200 OK in 175ms (Views: 38.8ms | ActiveRecord: 0.0ms)


Started GET "/products/show" for 127.0.0.1 at 2017-10-21 20:34:14 -0500
Processing by ProductsController#show as HTML
  Rendering products/show.html.erb within layouts/application
  Rendered products/show.html.erb within layouts/application (0.5ms)
Completed 200 OK in 204ms (Views: 44.3ms | ActiveRecord: 0.0ms)


Started GET "/products/show" for 127.0.0.1 at 2017-10-21 20:34:25 -0500
Processing by ProductsController#show as HTML
  Rendering products/show.html.erb within layouts/application
  Rendered products/show.html.erb within layouts/application (0.5ms)
Completed 200 OK in 152ms (Views: 42.3ms | ActiveRecord: 0.0ms)


Started GET "/products/show" for 127.0.0.1 at 2017-10-21 20:34:41 -0500
Processing by ProductsController#show as HTML
  Rendering products/show.html.erb within layouts/application
  Rendered products/show.html.erb within layouts/application (0.7ms)
Completed 200 OK in 162ms (Views: 51.9ms | ActiveRecord: 0.0ms)


Started GET "/products/show" for 127.0.0.1 at 2017-10-21 20:35:10 -0500
Processing by ProductsController#show as HTML
Completed 500 Internal Server Error in 90ms (ActiveRecord: 0.0ms)


  
Amazon::RequestError (HTTP Response: 503 Service Unavailable - AWS Access Key ID: AKIAJUCJ6YE2NQVJIAAA. You are submitting requests too quickly. Please retry your requests at a slower rate.):
  
app/controllers/products_controller.rb:16:in `show'
  Rendering /home/shawn/.rvm/gems/ruby-2.4.2/gems/actionpack-5.0.6/lib/action_dispatch/middleware/templates/rescues/diagnostics.html.erb within rescues/layout
  Rendering /home/shawn/.rvm/gems/ruby-2.4.2/gems/actionpack-5.0.6/lib/action_dispatch/middleware/templates/rescues/_source.html.erb
  Rendered /home/shawn/.rvm/gems/ruby-2.4.2/gems/actionpack-5.0.6/lib/action_dispatch/middleware/templates/rescues/_source.html.erb (3.2ms)
  Rendering /home/shawn/.rvm/gems/ruby-2.4.2/gems/actionpack-5.0.6/lib/action_dispatch/middleware/templates/rescues/_trace.html.erb
  Rendered /home/shawn/.rvm/gems/ruby-2.4.2/gems/actionpack-5.0.6/lib/action_dispatch/middleware/templates/rescues/_trace.html.erb (2.0ms)
  Rendering /home/shawn/.rvm/gems/ruby-2.4.2/gems/actionpack-5.0.6/lib/action_dispatch/middleware/templates/rescues/_request_and_response.html.erb
  Rendered /home/shawn/.rvm/gems/ruby-2.4.2/gems/actionpack-5.0.6/lib/action_dispatch/middleware/templates/rescues/_request_and_response.html.erb (1.0ms)
  Rendered /home/shawn/.rvm/gems/ruby-2.4.2/gems/actionpack-5.0.6/lib/action_dispatch/middleware/templates/rescues/diagnostics.html.erb within rescues/layout (33.2ms)
Started GET "/products/show" for 127.0.0.1 at 2017-10-21 20:35:32 -0500
Processing by ProductsController#show as HTML
Completed 500 Internal Server Error in 116ms (ActiveRecord: 0.0ms)


  
Amazon::RequestError (HTTP Response: 503 Service Unavailable - AWS Access Key ID: AKIAJUCJ6YE2NQVJIAAA. You are submitting requests too quickly. Please retry your requests at a slower rate.):
  
app/controllers/products_controller.rb:16:in `show'
  Rendering /home/shawn/.rvm/gems/ruby-2.4.2/gems/actionpack-5.0.6/lib/action_dispatch/middleware/templates/rescues/diagnostics.html.erb within rescues/layout
  Rendering /home/shawn/.rvm/gems/ruby-2.4.2/gems/actionpack-5.0.6/lib/action_dispatch/middleware/templates/rescues/_source.html.erb
  Rendered /home/shawn/.rvm/gems/ruby-2.4.2/gems/actionpack-5.0.6/lib/action_dispatch/middleware/templates/rescues/_source.html.erb (2.9ms)
  Rendering /home/shawn/.rvm/gems/ruby-2.4.2/gems/actionpack-5.0.6/lib/action_dispatch/middleware/templates/rescues/_trace.html.erb
  Rendered /home/shawn/.rvm/gems/ruby-2.4.2/gems/actionpack-5.0.6/lib/action_dispatch/middleware/templates/rescues/_trace.html.erb (1.5ms)
  Rendering /home/shawn/.rvm/gems/ruby-2.4.2/gems/actionpack-5.0.6/lib/action_dispatch/middleware/templates/rescues/_request_and_response.html.erb
  Rendered /home/shawn/.rvm/gems/ruby-2.4.2/gems/actionpack-5.0.6/lib/action_dispatch/middleware/templates/rescues/_request_and_response.html.erb (0.8ms)
  Rendered /home/shawn/.rvm/gems/ruby-2.4.2/gems/actionpack-5.0.6/lib/action_dispatch/middleware/templates/rescues/diagnostics.html.erb within rescues/layout (26.8ms)
Started GET "/products/show" for 127.0.0.1 at 2017-10-21 20:36:02 -0500
Processing by ProductsController#show as HTML
Completed 500 Internal Server Error in 89ms (ActiveRecord: 0.0ms)


  
Amazon::RequestError (HTTP Response: 503 Service Unavailable - AWS Access Key ID: AKIAJUCJ6YE2NQVJIAAA. You are submitting requests too quickly. Please retry your requests at a slower rate.):
  
app/controllers/products_controller.rb:16:in `show'
  Rendering /home/shawn/.rvm/gems/ruby-2.4.2/gems/actionpack-5.0.6/lib/action_dispatch/middleware/templates/rescues/diagnostics.html.erb within rescues/layout
  Rendering /home/shawn/.rvm/gems/ruby-2.4.2/gems/actionpack-5.0.6/lib/action_dispatch/middleware/templates/rescues/_source.html.erb
  Rendered /home/shawn/.rvm/gems/ruby-2.4.2/gems/actionpack-5.0.6/lib/action_dispatch/middleware/templates/rescues/_source.html.erb (2.9ms)
  Rendering /home/shawn/.rvm/gems/ruby-2.4.2/gems/actionpack-5.0.6/lib/action_dispatch/middleware/templates/rescues/_trace.html.erb
  Rendered /home/shawn/.rvm/gems/ruby-2.4.2/gems/actionpack-5.0.6/lib/action_dispatch/middleware/templates/rescues/_trace.html.erb (1.4ms)
  Rendering /home/shawn/.rvm/gems/ruby-2.4.2/gems/actionpack-5.0.6/lib/action_dispatch/middleware/templates/rescues/_request_and_response.html.erb
  Rendered /home/shawn/.rvm/gems/ruby-2.4.2/gems/actionpack-5.0.6/lib/action_dispatch/middleware/templates/rescues/_request_and_response.html.erb (0.7ms)
  Rendered /home/shawn/.rvm/gems/ruby-2.4.2/gems/actionpack-5.0.6/lib/action_dispatch/middleware/templates/rescues/diagnostics.html.erb within rescues/layout (27.9ms)
Started GET "/products/show" for 127.0.0.1 at 2017-10-21 20:37:03 -0500
Processing by ProductsController#show as HTML
  Rendering products/show.html.erb within layouts/application
  Rendered products/show.html.erb within layouts/application (1.7ms)
Completed 200 OK in 232ms (Views: 62.5ms | ActiveRecord: 0.0ms)


Started GET "/products/show" for 127.0.0.1 at 2017-10-21 20:37:38 -0500
Processing by ProductsController#show as HTML
  Rendering products/show.html.erb within layouts/application
  Rendered products/show.html.erb within layouts/application (0.4ms)
Completed 200 OK in 148ms (Views: 46.6ms | ActiveRecord: 0.0ms)


Started GET "/products/show" for 127.0.0.1 at 2017-10-21 20:38:20 -0500
Processing by ProductsController#show as HTML
  Rendering products/show.html.erb within layouts/application
  Rendered products/show.html.erb within layouts/application (0.8ms)
Completed 200 OK in 211ms (Views: 56.8ms | ActiveRecord: 0.0ms)


Started GET "/products/show" for 127.0.0.1 at 2017-10-21 20:39:00 -0500
Processing by ProductsController#show as HTML
  Rendering products/show.html.erb within layouts/application
  Rendered products/show.html.erb within layouts/application (0.8ms)
Completed 200 OK in 181ms (Views: 62.2ms | ActiveRecord: 0.0ms)


Started GET "/products/show" for 127.0.0.1 at 2017-10-21 20:40:35 -0500
Processing by ProductsController#show as HTML
Completed 500 Internal Server Error in 131ms (ActiveRecord: 0.0ms)


  
RuntimeError (NilClass is not a valid input stream.  It must walk 
like either a String, an IO, or a Source.):
  
app/controllers/products_controller.rb:18:in `show'
  Rendering /home/shawn/.rvm/gems/ruby-2.4.2/gems/actionpack-5.0.6/lib/action_dispatch/middleware/templates/rescues/diagnostics.html.erb within rescues/layout
  Rendering /home/shawn/.rvm/gems/ruby-2.4.2/gems/actionpack-5.0.6/lib/action_dispatch/middleware/templates/rescues/_source.html.erb
  Rendered /home/shawn/.rvm/gems/ruby-2.4.2/gems/actionpack-5.0.6/lib/action_dispatch/middleware/templates/rescues/_source.html.erb (2.9ms)
  Rendering /home/shawn/.rvm/gems/ruby-2.4.2/gems/actionpack-5.0.6/lib/action_dispatch/middleware/templates/rescues/_trace.html.erb
  Rendered /home/shawn/.rvm/gems/ruby-2.4.2/gems/actionpack-5.0.6/lib/action_dispatch/middleware/templates/rescues/_trace.html.erb (1.6ms)
  Rendering /home/shawn/.rvm/gems/ruby-2.4.2/gems/actionpack-5.0.6/lib/action_dispatch/middleware/templates/rescues/_request_and_response.html.erb
  Rendered /home/shawn/.rvm/gems/ruby-2.4.2/gems/actionpack-5.0.6/lib/action_dispatch/middleware/templates/rescues/_request_and_response.html.erb (0.7ms)
  Rendered /home/shawn/.rvm/gems/ruby-2.4.2/gems/actionpack-5.0.6/lib/action_dispatch/middleware/templates/rescues/diagnostics.html.erb within rescues/layout (26.8ms)
Started GET "/products/show" for 127.0.0.1 at 2017-10-21 20:41:39 -0500
Processing by ProductsController#show as HTML
  Rendering products/show.html.erb within layouts/application
  Rendered products/show.html.erb within layouts/application (0.9ms)
Completed 200 OK in 197ms (Views: 50.9ms | ActiveRecord: 0.0ms)


Started GET "/products/show" for 127.0.0.1 at 2017-10-21 20:43:37 -0500
Processing by ProductsController#show as HTML
Completed 500 Internal Server Error in 116ms (ActiveRecord: 0.0ms)


  
Amazon::RequestError (HTTP Response: 503 Service Unavailable - AWS Access Key ID: AKIAJUCJ6YE2NQVJIAAA. You are submitting requests too quickly. Please retry your requests at a slower rate.):
  
app/controllers/products_controller.rb:16:in `show'
  Rendering /home/shawn/.rvm/gems/ruby-2.4.2/gems/actionpack-5.0.6/lib/action_dispatch/middleware/templates/rescues/diagnostics.html.erb within rescues/layout
  Rendering /home/shawn/.rvm/gems/ruby-2.4.2/gems/actionpack-5.0.6/lib/action_dispatch/middleware/templates/rescues/_source.html.erb
  Rendered /home/shawn/.rvm/gems/ruby-2.4.2/gems/actionpack-5.0.6/lib/action_dispatch/middleware/templates/rescues/_source.html.erb (3.5ms)
  Rendering /home/shawn/.rvm/gems/ruby-2.4.2/gems/actionpack-5.0.6/lib/action_dispatch/middleware/templates/rescues/_trace.html.erb
  Rendered /home/shawn/.rvm/gems/ruby-2.4.2/gems/actionpack-5.0.6/lib/action_dispatch/middleware/templates/rescues/_trace.html.erb (2.2ms)
  Rendering /home/shawn/.rvm/gems/ruby-2.4.2/gems/actionpack-5.0.6/lib/action_dispatch/middleware/templates/rescues/_request_and_response.html.erb
  Rendered /home/shawn/.rvm/gems/ruby-2.4.2/gems/actionpack-5.0.6/lib/action_dispatch/middleware/templates/rescues/_request_and_response.html.erb (7.3ms)
  Rendered /home/shawn/.rvm/gems/ruby-2.4.2/gems/actionpack-5.0.6/lib/action_dispatch/middleware/templates/rescues/diagnostics.html.erb within rescues/layout (45.4ms)
Started GET "/products/show" for 127.0.0.1 at 2017-10-21 20:45:03 -0500
Processing by ProductsController#show as HTML
Completed 500 Internal Server Error in 167ms (ActiveRecord: 0.0ms)


  
NameError (uninitialized constant ProductsController::FIle):
  
app/controllers/products_controller.rb:18:in `show'
  Rendering /home/shawn/.rvm/gems/ruby-2.4.2/gems/actionpack-5.0.6/lib/action_dispatch/middleware/templates/rescues/diagnostics.html.erb within rescues/layout
  Rendering /home/shawn/.rvm/gems/ruby-2.4.2/gems/actionpack-5.0.6/lib/action_dispatch/middleware/templates/rescues/_source.html.erb
  Rendered /home/shawn/.rvm/gems/ruby-2.4.2/gems/actionpack-5.0.6/lib/action_dispatch/middleware/templates/rescues/_source.html.erb (2.8ms)
  Rendering /home/shawn/.rvm/gems/ruby-2.4.2/gems/actionpack-5.0.6/lib/action_dispatch/middleware/templates/rescues/_trace.html.erb
  Rendered /home/shawn/.rvm/gems/ruby-2.4.2/gems/actionpack-5.0.6/lib/action_dispatch/middleware/templates/rescues/_trace.html.erb (1.6ms)
  Rendering /home/shawn/.rvm/gems/ruby-2.4.2/gems/actionpack-5.0.6/lib/action_dispatch/middleware/templates/rescues/_request_and_response.html.erb
  Rendered /home/shawn/.rvm/gems/ruby-2.4.2/gems/actionpack-5.0.6/lib/action_dispatch/middleware/templates/rescues/_request_and_response.html.erb (0.6ms)
  Rendered /home/shawn/.rvm/gems/ruby-2.4.2/gems/actionpack-5.0.6/lib/action_dispatch/middleware/templates/rescues/diagnostics.html.erb within rescues/layout (27.6ms)
Started GET "/products/show" for 127.0.0.1 at 2017-10-21 20:45:27 -0500
Processing by ProductsController#show as HTML
Completed 500 Internal Server Error in 80ms (ActiveRecord: 0.0ms)


  
Amazon::RequestError (HTTP Response: 503 Service Unavailable - AWS Access Key ID: AKIAJUCJ6YE2NQVJIAAA. You are submitting requests too quickly. Please retry your requests at a slower rate.):
  
app/controllers/products_controller.rb:16:in `show'
  Rendering /home/shawn/.rvm/gems/ruby-2.4.2/gems/actionpack-5.0.6/lib/action_dispatch/middleware/templates/rescues/diagnostics.html.erb within rescues/layout
  Rendering /home/shawn/.rvm/gems/ruby-2.4.2/gems/actionpack-5.0.6/lib/action_dispatch/middleware/templates/rescues/_source.html.erb
  Rendered /home/shawn/.rvm/gems/ruby-2.4.2/gems/actionpack-5.0.6/lib/action_dispatch/middleware/templates/rescues/_source.html.erb (2.6ms)
  Rendering /home/shawn/.rvm/gems/ruby-2.4.2/gems/actionpack-5.0.6/lib/action_dispatch/middleware/templates/rescues/_trace.html.erb
  Rendered /home/shawn/.rvm/gems/ruby-2.4.2/gems/actionpack-5.0.6/lib/action_dispatch/middleware/templates/rescues/_trace.html.erb (1.3ms)
  Rendering /home/shawn/.rvm/gems/ruby-2.4.2/gems/actionpack-5.0.6/lib/action_dispatch/middleware/templates/rescues/_request_and_response.html.erb
  Rendered /home/shawn/.rvm/gems/ruby-2.4.2/gems/actionpack-5.0.6/lib/action_dispatch/middleware/templates/rescues/_request_and_response.html.erb (0.7ms)
  Rendered /home/shawn/.rvm/gems/ruby-2.4.2/gems/actionpack-5.0.6/lib/action_dispatch/middleware/templates/rescues/diagnostics.html.erb within rescues/layout (27.9ms)
Started GET "/products/show" for 127.0.0.1 at 2017-10-21 20:46:14 -0500
Processing by ProductsController#show as HTML
Completed 500 Internal Server Error in 144ms (ActiveRecord: 0.0ms)


  
Errno::ENOENT (No such file or directory @ rb_sysopen - ):
  
app/controllers/products_controller.rb:18:in `read'
app/controllers/products_controller.rb:18:in `show'
  Rendering /home/shawn/.rvm/gems/ruby-2.4.2/gems/actionpack-5.0.6/lib/action_dispatch/middleware/templates/rescues/diagnostics.html.erb within rescues/layout
  Rendering /home/shawn/.rvm/gems/ruby-2.4.2/gems/actionpack-5.0.6/lib/action_dispatch/middleware/templates/rescues/_source.html.erb
  Rendered /home/shawn/.rvm/gems/ruby-2.4.2/gems/actionpack-5.0.6/lib/action_dispatch/middleware/templates/rescues/_source.html.erb (3.1ms)
  Rendering /home/shawn/.rvm/gems/ruby-2.4.2/gems/actionpack-5.0.6/lib/action_dispatch/middleware/templates/rescues/_trace.html.erb
  Rendered /home/shawn/.rvm/gems/ruby-2.4.2/gems/actionpack-5.0.6/lib/action_dispatch/middleware/templates/rescues/_trace.html.erb (1.9ms)
  Rendering /home/shawn/.rvm/gems/ruby-2.4.2/gems/actionpack-5.0.6/lib/action_dispatch/middleware/templates/rescues/_request_and_response.html.erb
  Rendered /home/shawn/.rvm/gems/ruby-2.4.2/gems/actionpack-5.0.6/lib/action_dispatch/middleware/templates/rescues/_request_and_response.html.erb (0.7ms)
  Rendered /home/shawn/.rvm/gems/ruby-2.4.2/gems/actionpack-5.0.6/lib/action_dispatch/middleware/templates/rescues/diagnostics.html.erb within rescues/layout (26.9ms)
Started GET "/products/show" for 127.0.0.1 at 2017-10-21 20:47:47 -0500
Processing by ProductsController#show as HTML
  Rendering products/show.html.erb within layouts/application
  Rendered products/show.html.erb within layouts/application (1.0ms)
Completed 200 OK in 194ms (Views: 59.0ms | ActiveRecord: 0.0ms)


Started GET "/products/show" for 127.0.0.1 at 2017-10-21 20:48:36 -0500
Processing by ProductsController#show as HTML
  Rendering products/show.html.erb within layouts/application
  Rendered products/show.html.erb within layouts/application (127.7ms)
Completed 500 Internal Server Error in 235ms (ActiveRecord: 0.0ms)


  
ActionView::Template::Error (undefined local variable or method `res' for #<#<Class:0x00007fce480be7a8>:0x00007fce581b6768>
Did you mean?  @res):
    1: 
    2: <%= res.item.get('ASIN') %>
  
app/views/products/show.html.erb:2:in `_app_views_products_show_html_erb__1164866281779722319_70262109092000'
  Rendering /home/shawn/.rvm/gems/ruby-2.4.2/gems/actionpack-5.0.6/lib/action_dispatch/middleware/templates/rescues/template_error.html.erb within rescues/layout
  Rendering /home/shawn/.rvm/gems/ruby-2.4.2/gems/actionpack-5.0.6/lib/action_dispatch/middleware/templates/rescues/_source.html.erb
  Rendered /home/shawn/.rvm/gems/ruby-2.4.2/gems/actionpack-5.0.6/lib/action_dispatch/middleware/templates/rescues/_source.html.erb (8.1ms)
  Rendering /home/shawn/.rvm/gems/ruby-2.4.2/gems/actionpack-5.0.6/lib/action_dispatch/middleware/templates/rescues/_trace.html.erb
  Rendered /home/shawn/.rvm/gems/ruby-2.4.2/gems/actionpack-5.0.6/lib/action_dispatch/middleware/templates/rescues/_trace.html.erb (4.0ms)
  Rendering /home/shawn/.rvm/gems/ruby-2.4.2/gems/actionpack-5.0.6/lib/action_dispatch/middleware/templates/rescues/_request_and_response.html.erb
  Rendered /home/shawn/.rvm/gems/ruby-2.4.2/gems/actionpack-5.0.6/lib/action_dispatch/middleware/templates/rescues/_request_and_response.html.erb (0.9ms)
  Rendered /home/shawn/.rvm/gems/ruby-2.4.2/gems/actionpack-5.0.6/lib/action_dispatch/middleware/templates/rescues/template_error.html.erb within rescues/layout (39.6ms)
Started GET "/products/show" for 127.0.0.1 at 2017-10-21 20:48:47 -0500
Processing by ProductsController#show as HTML
  Rendering products/show.html.erb within layouts/application
  Rendered products/show.html.erb within layouts/application (3.4ms)
Completed 500 Internal Server Error in 108ms (ActiveRecord: 0.0ms)


  
ActionView::Template::Error (undefined method `item' for #<Amazon::Ecs::Response:0x00007fce48124918>
Did you mean?  items):
    1: 
    2: <%= @res.item.get('ASIN') %>
  
app/views/products/show.html.erb:2:in `_app_views_products_show_html_erb__1164866281779722319_70261974555380'
  Rendering /home/shawn/.rvm/gems/ruby-2.4.2/gems/actionpack-5.0.6/lib/action_dispatch/middleware/templates/rescues/template_error.html.erb within rescues/layout
  Rendering /home/shawn/.rvm/gems/ruby-2.4.2/gems/actionpack-5.0.6/lib/action_dispatch/middleware/templates/rescues/_source.html.erb
  Rendered /home/shawn/.rvm/gems/ruby-2.4.2/gems/actionpack-5.0.6/lib/action_dispatch/middleware/templates/rescues/_source.html.erb (4.3ms)
  Rendering /home/shawn/.rvm/gems/ruby-2.4.2/gems/actionpack-5.0.6/lib/action_dispatch/middleware/templates/rescues/_trace.html.erb
  Rendered /home/shawn/.rvm/gems/ruby-2.4.2/gems/actionpack-5.0.6/lib/action_dispatch/middleware/templates/rescues/_trace.html.erb (1.7ms)
  Rendering /home/shawn/.rvm/gems/ruby-2.4.2/gems/actionpack-5.0.6/lib/action_dispatch/middleware/templates/rescues/_request_and_response.html.erb
  Rendered /home/shawn/.rvm/gems/ruby-2.4.2/gems/actionpack-5.0.6/lib/action_dispatch/middleware/templates/rescues/_request_and_response.html.erb (1.0ms)
  Rendered /home/shawn/.rvm/gems/ruby-2.4.2/gems/actionpack-5.0.6/lib/action_dispatch/middleware/templates/rescues/template_error.html.erb within rescues/layout (47.9ms)
Started GET "/products/show" for 127.0.0.1 at 2017-10-21 20:49:43 -0500
Processing by ProductsController#show as HTML
Completed 500 Internal Server Error in 114ms (ActiveRecord: 0.0ms)


  
Amazon::RequestError (HTTP Response: 503 Service Unavailable - AWS Access Key ID: AKIAJUCJ6YE2NQVJIAAA. You are submitting requests too quickly. Please retry your requests at a slower rate.):
  
app/controllers/products_controller.rb:16:in `show'
  Rendering /home/shawn/.rvm/gems/ruby-2.4.2/gems/actionpack-5.0.6/lib/action_dispatch/middleware/templates/rescues/diagnostics.html.erb within rescues/layout
  Rendering /home/shawn/.rvm/gems/ruby-2.4.2/gems/actionpack-5.0.6/lib/action_dispatch/middleware/templates/rescues/_source.html.erb
  Rendered /home/shawn/.rvm/gems/ruby-2.4.2/gems/actionpack-5.0.6/lib/action_dispatch/middleware/templates/rescues/_source.html.erb (2.8ms)
  Rendering /home/shawn/.rvm/gems/ruby-2.4.2/gems/actionpack-5.0.6/lib/action_dispatch/middleware/templates/rescues/_trace.html.erb
  Rendered /home/shawn/.rvm/gems/ruby-2.4.2/gems/actionpack-5.0.6/lib/action_dispatch/middleware/templates/rescues/_trace.html.erb (1.5ms)
  Rendering /home/shawn/.rvm/gems/ruby-2.4.2/gems/actionpack-5.0.6/lib/action_dispatch/middleware/templates/rescues/_request_and_response.html.erb
  Rendered /home/shawn/.rvm/gems/ruby-2.4.2/gems/actionpack-5.0.6/lib/action_dispatch/middleware/templates/rescues/_request_and_response.html.erb (0.8ms)
  Rendered /home/shawn/.rvm/gems/ruby-2.4.2/gems/actionpack-5.0.6/lib/action_dispatch/middleware/templates/rescues/diagnostics.html.erb within rescues/layout (37.9ms)
Started GET "/products/show" for 127.0.0.1 at 2017-10-21 20:50:04 -0500
Processing by ProductsController#show as HTML
Completed 500 Internal Server Error in 92ms (ActiveRecord: 0.0ms)


  
Amazon::RequestError (HTTP Response: 503 Service Unavailable - AWS Access Key ID: AKIAJUCJ6YE2NQVJIAAA. You are submitting requests too quickly. Please retry your requests at a slower rate.):
  
app/controllers/products_controller.rb:16:in `show'
  Rendering /home/shawn/.rvm/gems/ruby-2.4.2/gems/actionpack-5.0.6/lib/action_dispatch/middleware/templates/rescues/diagnostics.html.erb within rescues/layout
  Rendering /home/shawn/.rvm/gems/ruby-2.4.2/gems/actionpack-5.0.6/lib/action_dispatch/middleware/templates/rescues/_source.html.erb
  Rendered /home/shawn/.rvm/gems/ruby-2.4.2/gems/actionpack-5.0.6/lib/action_dispatch/middleware/templates/rescues/_source.html.erb (3.4ms)
  Rendering /home/shawn/.rvm/gems/ruby-2.4.2/gems/actionpack-5.0.6/lib/action_dispatch/middleware/templates/rescues/_trace.html.erb
  Rendered /home/shawn/.rvm/gems/ruby-2.4.2/gems/actionpack-5.0.6/lib/action_dispatch/middleware/templates/rescues/_trace.html.erb (1.6ms)
  Rendering /home/shawn/.rvm/gems/ruby-2.4.2/gems/actionpack-5.0.6/lib/action_dispatch/middleware/templates/rescues/_request_and_response.html.erb
  Rendered /home/shawn/.rvm/gems/ruby-2.4.2/gems/actionpack-5.0.6/lib/action_dispatch/middleware/templates/rescues/_request_and_response.html.erb (0.8ms)
  Rendered /home/shawn/.rvm/gems/ruby-2.4.2/gems/actionpack-5.0.6/lib/action_dispatch/middleware/templates/rescues/diagnostics.html.erb within rescues/layout (31.0ms)
Started GET "/products/show" for 127.0.0.1 at 2017-10-21 20:51:02 -0500
Processing by ProductsController#show as HTML
  Rendering products/show.html.erb within layouts/application
  Rendered products/show.html.erb within layouts/application (0.9ms)
Completed 200 OK in 210ms (Views: 64.0ms | ActiveRecord: 0.0ms)


Started GET "/products/show" for 127.0.0.1 at 2017-10-21 20:51:35 -0500
Processing by ProductsController#show as HTML
  Rendering products/show.html.erb within layouts/application
  Rendered products/show.html.erb within layouts/application (0.7ms)
Completed 200 OK in 150ms (Views: 50.1ms | ActiveRecord: 0.0ms)


Started GET "/products/show" for 127.0.0.1 at 2017-10-21 20:53:01 -0500
Processing by ProductsController#show as HTML
Completed 500 Internal Server Error in 196ms (ActiveRecord: 0.0ms)


  
NameError (undefined local variable or method `res' for #<ProductsController:0x00007fce51618830>
Did you mean?  @res):
  
app/controllers/products_controller.rb:17:in `show'
  Rendering /home/shawn/.rvm/gems/ruby-2.4.2/gems/actionpack-5.0.6/lib/action_dispatch/middleware/templates/rescues/diagnostics.html.erb within rescues/layout
  Rendering /home/shawn/.rvm/gems/ruby-2.4.2/gems/actionpack-5.0.6/lib/action_dispatch/middleware/templates/rescues/_source.html.erb
  Rendered /home/shawn/.rvm/gems/ruby-2.4.2/gems/actionpack-5.0.6/lib/action_dispatch/middleware/templates/rescues/_source.html.erb (2.9ms)
  Rendering /home/shawn/.rvm/gems/ruby-2.4.2/gems/actionpack-5.0.6/lib/action_dispatch/middleware/templates/rescues/_trace.html.erb
  Rendered /home/shawn/.rvm/gems/ruby-2.4.2/gems/actionpack-5.0.6/lib/action_dispatch/middleware/templates/rescues/_trace.html.erb (1.3ms)
  Rendering /home/shawn/.rvm/gems/ruby-2.4.2/gems/actionpack-5.0.6/lib/action_dispatch/middleware/templates/rescues/_request_and_response.html.erb
  Rendered /home/shawn/.rvm/gems/ruby-2.4.2/gems/actionpack-5.0.6/lib/action_dispatch/middleware/templates/rescues/_request_and_response.html.erb (0.9ms)
  Rendered /home/shawn/.rvm/gems/ruby-2.4.2/gems/actionpack-5.0.6/lib/action_dispatch/middleware/templates/rescues/diagnostics.html.erb within rescues/layout (57.0ms)
Started GET "/products/show" for 127.0.0.1 at 2017-10-21 20:53:14 -0500
Processing by ProductsController#show as HTML
  Rendering products/show.html.erb within layouts/application
  Rendered products/show.html.erb within layouts/application (0.4ms)
Completed 200 OK in 144ms (Views: 41.5ms | ActiveRecord: 0.0ms)


Started GET "/products/show" for 127.0.0.1 at 2017-10-21 20:53:48 -0500
Processing by ProductsController#show as HTML
  Rendering products/show.html.erb within layouts/application
  Rendered products/show.html.erb within layouts/application (0.8ms)
Completed 200 OK in 5157ms (Views: 48.0ms | ActiveRecord: 0.0ms)


Started GET "/products/show" for 127.0.0.1 at 2017-10-21 20:54:09 -0500
Processing by ProductsController#show as HTML
  Rendering products/show.html.erb within layouts/application
  Rendered products/show.html.erb within layouts/application (0.4ms)
Completed 200 OK in 178ms (Views: 40.8ms | ActiveRecord: 0.0ms)


Started GET "/products/show" for 127.0.0.1 at 2017-10-21 20:54:53 -0500
Processing by ProductsController#show as HTML
  Rendering products/show.html.erb within layouts/application
  Rendered products/show.html.erb within layouts/application (5.0ms)
Completed 200 OK in 373ms (Views: 246.4ms | ActiveRecord: 0.0ms)


Started GET "/products/show" for 127.0.0.1 at 2017-10-21 20:55:28 -0500
Processing by ProductsController#show as HTML
  Rendering products/show.html.erb within layouts/application
  Rendered products/show.html.erb within layouts/application (1.0ms)
Completed 200 OK in 214ms (Views: 67.3ms | ActiveRecord: 0.0ms)


Started GET "/products/show" for 127.0.0.1 at 2017-10-21 20:55:52 -0500
Processing by ProductsController#show as HTML
  Rendering products/show.html.erb within layouts/application
  Rendered products/show.html.erb within layouts/application (0.7ms)
Completed 200 OK in 217ms (Views: 41.0ms | ActiveRecord: 0.0ms)


Started GET "/products/show" for 127.0.0.1 at 2017-10-21 20:56:28 -0500
Processing by ProductsController#show as HTML
Completed 500 Internal Server Error in 85ms (ActiveRecord: 0.0ms)


  
Amazon::RequestError (HTTP Response: 503 Service Unavailable - AWS Access Key ID: AKIAJUCJ6YE2NQVJIAAA. You are submitting requests too quickly. Please retry your requests at a slower rate.):
  
app/controllers/products_controller.rb:16:in `show'
  Rendering /home/shawn/.rvm/gems/ruby-2.4.2/gems/actionpack-5.0.6/lib/action_dispatch/middleware/templates/rescues/diagnostics.html.erb within rescues/layout
  Rendering /home/shawn/.rvm/gems/ruby-2.4.2/gems/actionpack-5.0.6/lib/action_dispatch/middleware/templates/rescues/_source.html.erb
  Rendered /home/shawn/.rvm/gems/ruby-2.4.2/gems/actionpack-5.0.6/lib/action_dispatch/middleware/templates/rescues/_source.html.erb (5.1ms)
  Rendering /home/shawn/.rvm/gems/ruby-2.4.2/gems/actionpack-5.0.6/lib/action_dispatch/middleware/templates/rescues/_trace.html.erb
  Rendered /home/shawn/.rvm/gems/ruby-2.4.2/gems/actionpack-5.0.6/lib/action_dispatch/middleware/templates/rescues/_trace.html.erb (3.0ms)
  Rendering /home/shawn/.rvm/gems/ruby-2.4.2/gems/actionpack-5.0.6/lib/action_dispatch/middleware/templates/rescues/_request_and_response.html.erb
  Rendered /home/shawn/.rvm/gems/ruby-2.4.2/gems/actionpack-5.0.6/lib/action_dispatch/middleware/templates/rescues/_request_and_response.html.erb (1.2ms)
  Rendered /home/shawn/.rvm/gems/ruby-2.4.2/gems/actionpack-5.0.6/lib/action_dispatch/middleware/templates/rescues/diagnostics.html.erb within rescues/layout (33.8ms)
Started GET "/products/show" for 127.0.0.1 at 2017-10-21 20:56:49 -0500
Processing by ProductsController#show as HTML
  Rendering products/show.html.erb within layouts/application
  Rendered products/show.html.erb within layouts/application (1.3ms)
Completed 200 OK in 233ms (Views: 67.2ms | ActiveRecord: 0.0ms)


Started GET "/products/show" for 127.0.0.1 at 2017-10-21 21:00:00 -0500
Processing by ProductsController#show as HTML
Completed 500 Internal Server Error in 118ms (ActiveRecord: 0.0ms)


  
Amazon::RequestError (HTTP Response: 503 Service Unavailable - AWS Access Key ID: AKIAJUCJ6YE2NQVJIAAA. You are submitting requests too quickly. Please retry your requests at a slower rate.):
  
app/controllers/products_controller.rb:16:in `show'
  Rendering /home/shawn/.rvm/gems/ruby-2.4.2/gems/actionpack-5.0.6/lib/action_dispatch/middleware/templates/rescues/diagnostics.html.erb within rescues/layout
  Rendering /home/shawn/.rvm/gems/ruby-2.4.2/gems/actionpack-5.0.6/lib/action_dispatch/middleware/templates/rescues/_source.html.erb
  Rendered /home/shawn/.rvm/gems/ruby-2.4.2/gems/actionpack-5.0.6/lib/action_dispatch/middleware/templates/rescues/_source.html.erb (5.2ms)
  Rendering /home/shawn/.rvm/gems/ruby-2.4.2/gems/actionpack-5.0.6/lib/action_dispatch/middleware/templates/rescues/_trace.html.erb
  Rendered /home/shawn/.rvm/gems/ruby-2.4.2/gems/actionpack-5.0.6/lib/action_dispatch/middleware/templates/rescues/_trace.html.erb (7.2ms)
  Rendering /home/shawn/.rvm/gems/ruby-2.4.2/gems/actionpack-5.0.6/lib/action_dispatch/middleware/templates/rescues/_request_and_response.html.erb
  Rendered /home/shawn/.rvm/gems/ruby-2.4.2/gems/actionpack-5.0.6/lib/action_dispatch/middleware/templates/rescues/_request_and_response.html.erb (0.7ms)
  Rendered /home/shawn/.rvm/gems/ruby-2.4.2/gems/actionpack-5.0.6/lib/action_dispatch/middleware/templates/rescues/diagnostics.html.erb within rescues/layout (41.7ms)
Started GET "/products/show" for 127.0.0.1 at 2017-10-21 21:00:13 -0500
Processing by ProductsController#show as HTML
  Rendering products/show.html.erb within layouts/application
  Rendered products/show.html.erb within layouts/application (0.4ms)
Completed 200 OK in 148ms (Views: 45.0ms | ActiveRecord: 0.0ms)


Started GET "/products" for 127.0.0.1 at 2017-10-21 21:01:16 -0500
  
ActionController::RoutingError (No route matches [GET] "/products"):
  
actionpack (5.0.6) lib/action_dispatch/middleware/debug_exceptions.rb:53:in `call'
web-console (3.3.1) lib/web_console/middleware.rb:131:in `call_app'
web-console (3.3.1) lib/web_console/middleware.rb:28:in `block in call'
web-console (3.3.1) lib/web_console/middleware.rb:18:in `catch'
web-console (3.3.1) lib/web_console/middleware.rb:18:in `call'
actionpack (5.0.6) lib/action_dispatch/middleware/show_exceptions.rb:31:in `call'
railties (5.0.6) lib/rails/rack/logger.rb:36:in `call_app'
railties (5.0.6) lib/rails/rack/logger.rb:24:in `block in call'
activesupport (5.0.6) lib/active_support/tagged_logging.rb:69:in `block in tagged'
activesupport (5.0.6) lib/active_support/tagged_logging.rb:26:in `tagged'
activesupport (5.0.6) lib/active_support/tagged_logging.rb:69:in `tagged'
railties (5.0.6) lib/rails/rack/logger.rb:24:in `call'
sprockets-rails (3.2.1) lib/sprockets/rails/quiet_assets.rb:13:in `call'
actionpack (5.0.6) lib/action_dispatch/middleware/request_id.rb:24:in `call'
rack (2.0.3) lib/rack/method_override.rb:22:in `call'
rack (2.0.3) lib/rack/runtime.rb:22:in `call'
activesupport (5.0.6) lib/active_support/cache/strategy/local_cache_middleware.rb:28:in `call'
actionpack (5.0.6) lib/action_dispatch/middleware/executor.rb:12:in `call'
actionpack (5.0.6) lib/action_dispatch/middleware/static.rb:136:in `call'
rack (2.0.3) lib/rack/sendfile.rb:111:in `call'
railties (5.0.6) lib/rails/engine.rb:522:in `call'
puma (3.0.0) lib/puma/configuration.rb:221:in `call'
puma (3.0.0) lib/puma/server.rb:723:in `handle_request'
puma (3.0.0) lib/puma/server.rb:406:in `process_client'
puma (3.0.0) lib/puma/server.rb:271:in `block in run'
puma (3.0.0) lib/puma/thread_pool.rb:111:in `block in spawn_thread'
  Rendering /home/shawn/.rvm/gems/ruby-2.4.2/gems/actionpack-5.0.6/lib/action_dispatch/middleware/templates/rescues/routing_error.html.erb within rescues/layout
  Rendering /home/shawn/.rvm/gems/ruby-2.4.2/gems/actionpack-5.0.6/lib/action_dispatch/middleware/templates/rescues/_trace.html.erb
  Rendered /home/shawn/.rvm/gems/ruby-2.4.2/gems/actionpack-5.0.6/lib/action_dispatch/middleware/templates/rescues/_trace.html.erb (1.2ms)
  Rendered collection of /home/shawn/.rvm/gems/ruby-2.4.2/gems/actionpack-5.0.6/lib/action_dispatch/middleware/templates/routes/_route.html.erb [4 times] (1.4ms)
  Rendered /home/shawn/.rvm/gems/ruby-2.4.2/gems/actionpack-5.0.6/lib/action_dispatch/middleware/templates/routes/_table.html.erb (10.0ms)
  Rendering /home/shawn/.rvm/gems/ruby-2.4.2/gems/actionpack-5.0.6/lib/action_dispatch/middleware/templates/rescues/_request_and_response.html.erb
  Rendered /home/shawn/.rvm/gems/ruby-2.4.2/gems/actionpack-5.0.6/lib/action_dispatch/middleware/templates/rescues/_request_and_response.html.erb (0.9ms)
  Rendered /home/shawn/.rvm/gems/ruby-2.4.2/gems/actionpack-5.0.6/lib/action_dispatch/middleware/templates/rescues/routing_error.html.erb within rescues/layout (45.3ms)
Started GET "/products" for 127.0.0.1 at 2017-10-21 21:01:41 -0500
Processing by ProductsController#index as HTML
Completed 406 Not Acceptable in 247ms (ActiveRecord: 0.0ms)


  
ActionController::UnknownFormat (ProductsController#index is missing a template for this request format and variant.

request.formats: ["text/html"]
request.variant: []

NOTE! For XHR/Ajax or API requests, this action would normally respond with 204 No Content: an empty white screen. Since you're loading it in a web browser, we assume that you expected to actually render a template, not nothing, so we're showing an error to be extra-clear. If you expect 204 No Content, carry on. That's what you'll get from an XHR or API request. Give it a shot.):
  
actionpack (5.0.6) lib/action_controller/metal/implicit_render.rb:56:in `default_render'
actionpack (5.0.6) lib/action_controller/metal/basic_implicit_render.rb:4:in `block in send_action'
actionpack (5.0.6) lib/action_controller/metal/basic_implicit_render.rb:4:in `tap'
actionpack (5.0.6) lib/action_controller/metal/basic_implicit_render.rb:4:in `send_action'
actionpack (5.0.6) lib/abstract_controller/base.rb:188:in `process_action'
actionpack (5.0.6) lib/action_controller/metal/rendering.rb:30:in `process_action'
actionpack (5.0.6) lib/abstract_controller/callbacks.rb:20:in `block in process_action'
activesupport (5.0.6) lib/active_support/callbacks.rb:126:in `call'
activesupport (5.0.6) lib/active_support/callbacks.rb:506:in `block (2 levels) in compile'
activesupport (5.0.6) lib/active_support/callbacks.rb:455:in `call'
activesupport (5.0.6) lib/active_support/callbacks.rb:101:in `__run_callbacks__'
activesupport (5.0.6) lib/active_support/callbacks.rb:750:in `_run_process_action_callbacks'
activesupport (5.0.6) lib/active_support/callbacks.rb:90:in `run_callbacks'
actionpack (5.0.6) lib/abstract_controller/callbacks.rb:19:in `process_action'
actionpack (5.0.6) lib/action_controller/metal/rescue.rb:20:in `process_action'
actionpack (5.0.6) lib/action_controller/metal/instrumentation.rb:32:in `block in process_action'
activesupport (5.0.6) lib/active_support/notifications.rb:164:in `block in instrument'
activesupport (5.0.6) lib/active_support/notifications/instrumenter.rb:21:in `instrument'
activesupport (5.0.6) lib/active_support/notifications.rb:164:in `instrument'
actionpack (5.0.6) lib/action_controller/metal/instrumentation.rb:30:in `process_action'
actionpack (5.0.6) lib/action_controller/metal/params_wrapper.rb:248:in `process_action'
activerecord (5.0.6) lib/active_record/railties/controller_runtime.rb:18:in `process_action'
actionpack (5.0.6) lib/abstract_controller/base.rb:126:in `process'
actionview (5.0.6) lib/action_view/rendering.rb:30:in `process'
actionpack (5.0.6) lib/action_controller/metal.rb:190:in `dispatch'
actionpack (5.0.6) lib/action_controller/metal.rb:262:in `dispatch'
actionpack (5.0.6) lib/action_dispatch/routing/route_set.rb:50:in `dispatch'
actionpack (5.0.6) lib/action_dispatch/routing/route_set.rb:32:in `serve'
actionpack (5.0.6) lib/action_dispatch/journey/router.rb:39:in `block in serve'
actionpack (5.0.6) lib/action_dispatch/journey/router.rb:26:in `each'
actionpack (5.0.6) lib/action_dispatch/journey/router.rb:26:in `serve'
actionpack (5.0.6) lib/action_dispatch/routing/route_set.rb:727:in `call'
rack (2.0.3) lib/rack/etag.rb:25:in `call'
rack (2.0.3) lib/rack/conditional_get.rb:25:in `call'
rack (2.0.3) lib/rack/head.rb:12:in `call'
rack (2.0.3) lib/rack/session/abstract/id.rb:232:in `context'
rack (2.0.3) lib/rack/session/abstract/id.rb:226:in `call'
actionpack (5.0.6) lib/action_dispatch/middleware/cookies.rb:613:in `call'
activerecord (5.0.6) lib/active_record/migration.rb:553:in `call'
actionpack (5.0.6) lib/action_dispatch/middleware/callbacks.rb:38:in `block in call'
activesupport (5.0.6) lib/active_support/callbacks.rb:97:in `__run_callbacks__'
activesupport (5.0.6) lib/active_support/callbacks.rb:750:in `_run_call_callbacks'
activesupport (5.0.6) lib/active_support/callbacks.rb:90:in `run_callbacks'
actionpack (5.0.6) lib/action_dispatch/middleware/callbacks.rb:36:in `call'
actionpack (5.0.6) lib/action_dispatch/middleware/executor.rb:12:in `call'
actionpack (5.0.6) lib/action_dispatch/middleware/remote_ip.rb:79:in `call'
actionpack (5.0.6) lib/action_dispatch/middleware/debug_exceptions.rb:49:in `call'
web-console (3.3.1) lib/web_console/middleware.rb:131:in `call_app'
web-console (3.3.1) lib/web_console/middleware.rb:28:in `block in call'
web-console (3.3.1) lib/web_console/middleware.rb:18:in `catch'
web-console (3.3.1) lib/web_console/middleware.rb:18:in `call'
actionpack (5.0.6) lib/action_dispatch/middleware/show_exceptions.rb:31:in `call'
railties (5.0.6) lib/rails/rack/logger.rb:36:in `call_app'
railties (5.0.6) lib/rails/rack/logger.rb:24:in `block in call'
activesupport (5.0.6) lib/active_support/tagged_logging.rb:69:in `block in tagged'
activesupport (5.0.6) lib/active_support/tagged_logging.rb:26:in `tagged'
activesupport (5.0.6) lib/active_support/tagged_logging.rb:69:in `tagged'
railties (5.0.6) lib/rails/rack/logger.rb:24:in `call'
sprockets-rails (3.2.1) lib/sprockets/rails/quiet_assets.rb:13:in `call'
actionpack (5.0.6) lib/action_dispatch/middleware/request_id.rb:24:in `call'
rack (2.0.3) lib/rack/method_override.rb:22:in `call'
rack (2.0.3) lib/rack/runtime.rb:22:in `call'
activesupport (5.0.6) lib/active_support/cache/strategy/local_cache_middleware.rb:28:in `call'
actionpack (5.0.6) lib/action_dispatch/middleware/executor.rb:12:in `call'
actionpack (5.0.6) lib/action_dispatch/middleware/static.rb:136:in `call'
rack (2.0.3) lib/rack/sendfile.rb:111:in `call'
railties (5.0.6) lib/rails/engine.rb:522:in `call'
puma (3.0.0) lib/puma/configuration.rb:221:in `call'
puma (3.0.0) lib/puma/server.rb:723:in `handle_request'
puma (3.0.0) lib/puma/server.rb:406:in `process_client'
puma (3.0.0) lib/puma/server.rb:271:in `block in run'
puma (3.0.0) lib/puma/thread_pool.rb:111:in `block in spawn_thread'
  Rendering /home/shawn/.rvm/gems/ruby-2.4.2/gems/actionpack-5.0.6/lib/action_dispatch/middleware/templates/rescues/diagnostics.html.erb within rescues/layout
  Rendering /home/shawn/.rvm/gems/ruby-2.4.2/gems/actionpack-5.0.6/lib/action_dispatch/middleware/templates/rescues/_source.html.erb
  Rendered /home/shawn/.rvm/gems/ruby-2.4.2/gems/actionpack-5.0.6/lib/action_dispatch/middleware/templates/rescues/_source.html.erb (3.4ms)
  Rendering /home/shawn/.rvm/gems/ruby-2.4.2/gems/actionpack-5.0.6/lib/action_dispatch/middleware/templates/rescues/_trace.html.erb
  Rendered /home/shawn/.rvm/gems/ruby-2.4.2/gems/actionpack-5.0.6/lib/action_dispatch/middleware/templates/rescues/_trace.html.erb (1.5ms)
  Rendering /home/shawn/.rvm/gems/ruby-2.4.2/gems/actionpack-5.0.6/lib/action_dispatch/middleware/templates/rescues/_request_and_response.html.erb
  Rendered /home/shawn/.rvm/gems/ruby-2.4.2/gems/actionpack-5.0.6/lib/action_dispatch/middleware/templates/rescues/_request_and_response.html.erb (0.8ms)
  Rendered /home/shawn/.rvm/gems/ruby-2.4.2/gems/actionpack-5.0.6/lib/action_dispatch/middleware/templates/rescues/diagnostics.html.erb within rescues/layout (32.3ms)
Started GET "/products" for 127.0.0.1 at 2017-10-21 21:02:41 -0500
Processing by ProductsController#index as HTML
Completed 200 OK in 128ms (Views: 0.2ms | ActiveRecord: 0.0ms)


